{"meta": {"format": 3, "version": "7.13.5", "timestamp": "2026-05-30T10:34:33.350567", "branch_coverage": false, "show_contexts": false}, "files": {"src/lyra_core/plugins/__init__.py": {"executed_lines": [24, 26, 27, 28, 35, 42, 52, 53, 55], "summary": {"covered_lines": 9, "num_statements": 9, "percent_covered": 100.0, "percent_covered_display": "100", "missing_lines": 0, "excluded_lines": 0, "percent_statements_covered": 100.0, "percent_statements_covered_display": "100"}, "missing_lines": [], "excluded_lines": [], "functions": {"": {"executed_lines": [24, 26, 27, 28, 35, 42, 52, 53, 55], "summary": {"covered_lines": 9, "num_statements": 9, "percent_covered": 100.0, "percent_covered_display": "100", "missing_lines": 0, "excluded_lines": 0, "percent_statements_covered": 100.0, "percent_statements_covered_display": "100"}, "missing_lines": [], "excluded_lines": [], "start_line": 1}}, "classes": {"": {"executed_lines": [24, 26, 27, 28, 35, 42, 52, 53, 55], "summary": {"covered_lines": 9, "num_statements": 9, "percent_covered": 100.0, "percent_covered_display": "100", "missing_lines": 0, "excluded_lines": 0, "percent_statements_covered": 100.0, "percent_statements_covered_display": "100"}, "missing_lines": [], "excluded_lines": [], "start_line": 1}}}, "src/lyra_core/plugins/autocontinue.py": {"executed_lines": [], "summary": {"covered_lines": 0, "num_statements": 55, "percent_covered": 0.0, "percent_covered_display": "0", "missing_lines": 55, "excluded_lines": 0, "percent_statements_covered": 0.0, "percent_statements_covered_display": "0"}, "missing_lines": [28, 30, 31, 33, 35, 38, 39, 41, 42, 45, 46, 49, 50, 51, 53, 56, 57, 73, 74, 75, 76, 77, 78, 82, 84, 86, 91, 92, 93, 96, 97, 98, 101, 104, 106, 107, 108, 109, 110, 111, 112, 113, 116, 119, 120, 121, 122, 126, 127, 128, 129, 130, 133, 134, 135], "excluded_lines": [], "functions": {"AutoContinuePlugin.on_stop": {"executed_lines": [], "summary": {"covered_lines": 0, "num_statements": 30, "percent_covered": 0.0, "percent_covered_display": "0", "missing_lines": 30, "excluded_lines": 0, "percent_statements_covered": 0.0, "percent_statements_covered_display": "0"}, "missing_lines": [86, 91, 92, 93, 96, 97, 98, 101, 104, 106, 107, 108, 109, 110, 111, 112, 113, 116, 119, 120, 121, 122, 126, 127, 128, 129, 130, 133, 134, 135], "excluded_lines": [], "start_line": 84}, "": {"executed_lines": [], "summary": {"covered_lines": 0, "num_statements": 25, "percent_covered": 0.0, "percent_covered_display": "0", "missing_lines": 25, "excluded_lines": 0, "percent_statements_covered": 0.0, "percent_statements_covered_display": "0"}, "missing_lines": [28, 30, 31, 33, 35, 38, 39, 41, 42, 45, 46, 49, 50, 51, 53, 56, 57, 73, 74, 75, 76, 77, 78, 82, 84], "excluded_lines": [], "start_line": 1}}, "classes": {"AutoContinueState": {"executed_lines": [], "summary": {"covered_lines": 0, "num_statements": 0, "percent_covered": 100.0, "percent_covered_display": "100", "missing_lines": 0, "excluded_lines": 0, "percent_statements_covered": 100.0, "percent_statements_covered_display": "100"}, "missing_lines": [], "excluded_lines": [], "start_line": 46}, "AutoContinuePlugin": {"executed_lines": [], "summary": {"covered_lines": 0, "num_statements": 30, "percent_covered": 0.0, "percent_covered_display": "0", "missing_lines": 30, "excluded_lines": 0, "percent_statements_covered": 0.0, "percent_statements_covered_display": "0"}, "missing_lines": [86, 91, 92, 93, 96, 97, 98, 101, 104, 106, 107, 108, 109, 110, 111, 112, 113, 116, 119, 120, 121, 122, 126, 127, 128, 129, 130, 133, 134, 135], "excluded_lines": [], "start_line": 57}, "": {"executed_lines": [], "summary": {"covered_lines": 0, "num_statements": 25, "percent_covered": 0.0, "percent_covered_display": "0", "missing_lines": 25, "excluded_lines": 0, "percent_statements_covered": 0.0, "percent_statements_covered_display": "0"}, "missing_lines": [28, 30, 31, 33, 35, 38, 39, 41, 42, 45, 46, 49, 50, 51, 53, 56, 57, 73, 74, 75, 76, 77, 78, 82, 84], "excluded_lines": [], "start_line": 1}}}, "src/lyra_core/plugins/dependency_resolver.py": {"executed_lines": [7, 9, 10, 11, 12, 13, 14, 15, 18, 19, 22, 23, 24, 27, 28, 31, 32, 36, 38, 39, 41, 43, 45, 47, 49, 51, 52, 54, 55, 56, 58, 59, 60, 61, 62, 63, 65, 66, 68, 69, 70, 71, 73, 75, 80, 81, 83, 84, 86, 87, 89, 90, 92, 93, 94, 96, 97, 98, 99, 101, 104, 107, 108, 110, 112, 113, 114, 116, 118, 119, 120, 123, 133, 134, 135, 136, 138, 140, 141, 142, 144, 147, 148, 149, 151, 152, 155, 157, 158, 166, 167, 169, 171, 173, 175, 177, 179, 181, 183, 185, 192, 193, 195, 196, 197, 198, 200, 202, 208, 209, 212, 213, 214, 217, 218, 220, 222, 227, 228, 230, 231, 232, 233, 234, 235, 236, 238, 240, 242, 243, 244, 247], "summary": {"covered_lines": 132, "num_statements": 132, "percent_covered": 100.0, "percent_covered_display": "100", "missing_lines": 0, "excluded_lines": 0, "percent_statements_covered": 100.0, "percent_statements_covered_display": "100"}, "missing_lines": [], "excluded_lines": [], "functions": {"DependencyGraph.add_dependency": {"executed_lines": [38, 39], "summary": {"covered_lines": 2, "num_statements": 2, "percent_covered": 100.0, "percent_covered_display": "100", "missing_lines": 0, "excluded_lines": 0, "percent_statements_covered": 100.0, "percent_statements_covered_display": "100"}, "missing_lines": [], "excluded_lines": [], "start_line": 36}, "DependencyGraph.get_dependencies": {"executed_lines": [43], "summary": {"covered_lines": 1, "num_statements": 1, "percent_covered": 100.0, "percent_covered_display": "100", "missing_lines": 0, "excluded_lines": 0, "percent_statements_covered": 100.0, "percent_statements_covered_display": "100"}, "missing_lines": [], "excluded_lines": [], "start_line": 41}, "DependencyGraph.get_dependents": {"executed_lines": [47], "summary": {"covered_lines": 1, "num_statements": 1, "percent_covered": 100.0, "percent_covered_display": "100", "missing_lines": 0, "excluded_lines": 0, "percent_statements_covered": 100.0, "percent_statements_covered_display": "100"}, "missing_lines": [], "excluded_lines": [], "start_line": 45}, "DependencyGraph.has_circular_dependency": {"executed_lines": [51, 52, 54, 68, 69, 70, 71, 73], "summary": {"covered_lines": 8, "num_statements": 8, "percent_covered": 100.0, "percent_covered_display": "100", "missing_lines": 0, "excluded_lines": 0, "percent_statements_covered": 100.0, "percent_statements_covered_display": "100"}, "missing_lines": [], "excluded_lines": [], "start_line": 49}, "DependencyGraph.has_circular_dependency.visit": {"executed_lines": [55, 56, 58, 59, 60, 61, 62, 63, 65, 66], "summary": {"covered_lines": 10, "num_statements": 10, "percent_covered": 100.0, "percent_covered_display": "100", "missing_lines": 0, "excluded_lines": 0, "percent_statements_covered": 100.0, "percent_statements_covered_display": "100"}, "missing_lines": [], "excluded_lines": [], "start_line": 54}, "DependencyGraph.topological_sort": {"executed_lines": [80, 81, 83, 84, 86, 87, 89, 90, 92, 93, 94, 96, 97, 98, 99, 101], "summary": {"covered_lines": 16, "num_statements": 16, "percent_covered": 100.0, "percent_covered_display": "100", "missing_lines": 0, "excluded_lines": 0, "percent_statements_covered": 100.0, "percent_statements_covered_display": "100"}, "missing_lines": [], "excluded_lines": [], "start_line": 75}, "ImportAnalyzer.__init__": {"executed_lines": [108], "summary": {"covered_lines": 1, "num_statements": 1, "percent_covered": 100.0, "percent_covered_display": "100", "missing_lines": 0, "excluded_lines": 0, "percent_statements_covered": 100.0, "percent_statements_covered_display": "100"}, "missing_lines": [], "excluded_lines": [], "start_line": 107}, "ImportAnalyzer.visit_Import": {"executed_lines": [112, 113, 114], "summary": {"covered_lines": 3, "num_statements": 3, "percent_covered": 100.0, "percent_covered_display": "100", "missing_lines": 0, "excluded_lines": 0, "percent_statements_covered": 100.0, "percent_statements_covered_display": "100"}, "missing_lines": [], "excluded_lines": [], "start_line": 110}, "ImportAnalyzer.visit_ImportFrom": {"executed_lines": [118, 119, 120], "summary": {"covered_lines": 3, "num_statements": 3, "percent_covered": 100.0, "percent_covered_display": "100", "missing_lines": 0, "excluded_lines": 0, "percent_statements_covered": 100.0, "percent_statements_covered_display": "100"}, "missing_lines": [], "excluded_lines": [], "start_line": 116}, "DependencyResolver.__init__": {"executed_lines": [134, 135, 136], "summary": {"covered_lines": 3, "num_statements": 3, "percent_covered": 100.0, "percent_covered_display": "100", "missing_lines": 0, "excluded_lines": 0, "percent_statements_covered": 100.0, "percent_statements_covered_display": "100"}, "missing_lines": [], "excluded_lines": [], "start_line": 133}, "DependencyResolver.analyze_plugin": {"executed_lines": [140, 141, 142, 144, 147, 148, 149, 151, 152, 155, 157, 158, 166, 167, 169, 171], "summary": {"covered_lines": 16, "num_statements": 16, "percent_covered": 100.0, "percent_covered_display": "100", "missing_lines": 0, "excluded_lines": 0, "percent_statements_covered": 100.0, "percent_statements_covered_display": "100"}, "missing_lines": [], "excluded_lines": [], "start_line": 138}, "DependencyResolver.register_plugin_module": {"executed_lines": [175], "summary": {"covered_lines": 1, "num_statements": 1, "percent_covered": 100.0, "percent_covered_display": "100", "missing_lines": 0, "excluded_lines": 0, "percent_statements_covered": 100.0, "percent_statements_covered_display": "100"}, "missing_lines": [], "excluded_lines": [], "start_line": 173}, "DependencyResolver.get_dependencies": {"executed_lines": [179], "summary": {"covered_lines": 1, "num_statements": 1, "percent_covered": 100.0, "percent_covered_display": "100", "missing_lines": 0, "excluded_lines": 0, "percent_statements_covered": 100.0, "percent_statements_covered_display": "100"}, "missing_lines": [], "excluded_lines": [], "start_line": 177}, "DependencyResolver.get_dependents": {"executed_lines": [183], "summary": {"covered_lines": 1, "num_statements": 1, "percent_covered": 100.0, "percent_covered_display": "100", "missing_lines": 0, "excluded_lines": 0, "percent_statements_covered": 100.0, "percent_statements_covered_display": "100"}, "missing_lines": [], "excluded_lines": [], "start_line": 181}, "DependencyResolver.get_reload_order": {"executed_lines": [192, 193, 195, 196, 197, 198, 200], "summary": {"covered_lines": 7, "num_statements": 7, "percent_covered": 100.0, "percent_covered_display": "100", "missing_lines": 0, "excluded_lines": 0, "percent_statements_covered": 100.0, "percent_statements_covered_display": "100"}, "missing_lines": [], "excluded_lines": [], "start_line": 185}, "DependencyResolver.validate_reload": {"executed_lines": [208, 209, 212, 213, 214, 217, 218, 220], "summary": {"covered_lines": 8, "num_statements": 8, "percent_covered": 100.0, "percent_covered_display": "100", "missing_lines": 0, "excluded_lines": 0, "percent_statements_covered": 100.0, "percent_statements_covered_display": "100"}, "missing_lines": [], "excluded_lines": [], "start_line": 202}, "DependencyResolver.get_affected_plugins": {"executed_lines": [227, 228, 230, 231, 232, 233, 234, 235, 236, 238], "summary": {"covered_lines": 10, "num_statements": 10, "percent_covered": 100.0, "percent_covered_display": "100", "missing_lines": 0, "excluded_lines": 0, "percent_statements_covered": 100.0, "percent_statements_covered_display": "100"}, "missing_lines": [], "excluded_lines": [], "start_line": 222}, "DependencyResolver.clear": {"executed_lines": [242, 243, 244], "summary": {"covered_lines": 3, "num_statements": 3, "percent_covered": 100.0, "percent_covered_display": "100", "missing_lines": 0, "excluded_lines": 0, "percent_statements_covered": 100.0, "percent_statements_covered_display": "100"}, "missing_lines": [], "excluded_lines": [], "start_line": 240}, "": {"executed_lines": [7, 9, 10, 11, 12, 13, 14, 15, 18, 19, 22, 23, 24, 27, 28, 31, 32, 36, 41, 45, 49, 75, 104, 107, 110, 116, 123, 133, 138, 173, 177, 181, 185, 202, 222, 240, 247], "summary": {"covered_lines": 37, "num_statements": 37, "percent_covered": 100.0, "percent_covered_display": "100", "missing_lines": 0, "excluded_lines": 0, "percent_statements_covered": 100.0, "percent_statements_covered_display": "100"}, "missing_lines": [], "excluded_lines": [], "start_line": 1}}, "classes": {"PluginDependency": {"executed_lines": [], "summary": {"covered_lines": 0, "num_statements": 0, "percent_covered": 100.0, "percent_covered_display": "100", "missing_lines": 0, "excluded_lines": 0, "percent_statements_covered": 100.0, "percent_statements_covered_display": "100"}, "missing_lines": [], "excluded_lines": [], "start_line": 19}, "DependencyGraph": {"executed_lines": [38, 39, 43, 47, 51, 52, 54, 55, 56, 58, 59, 60, 61, 62, 63, 65, 66, 68, 69, 70, 71, 73, 80, 81, 83, 84, 86, 87, 89, 90, 92, 93, 94, 96, 97, 98, 99, 101], "summary": {"covered_lines": 38, "num_statements": 38, "percent_covered": 100.0, "percent_covered_display": "100", "missing_lines": 0, "excluded_lines": 0, "percent_statements_covered": 100.0, "percent_statements_covered_display": "100"}, "missing_lines": [], "excluded_lines": [], "start_line": 28}, "ImportAnalyzer": {"executed_lines": [108, 112, 113, 114, 118, 119, 120], "summary": {"covered_lines": 7, "num_statements": 7, "percent_covered": 100.0, "percent_covered_display": "100", "missing_lines": 0, "excluded_lines": 0, "percent_statements_covered": 100.0, "percent_statements_covered_display": "100"}, "missing_lines": [], "excluded_lines": [], "start_line": 104}, "DependencyResolver": {"executed_lines": [134, 135, 136, 140, 141, 142, 144, 147, 148, 149, 151, 152, 155, 157, 158, 166, 167, 169, 171, 175, 179, 183, 192, 193, 195, 196, 197, 198, 200, 208, 209, 212, 213, 214, 217, 218, 220, 227, 228, 230, 231, 232, 233, 234, 235, 236, 238, 242, 243, 244], "summary": {"covered_lines": 50, "num_statements": 50, "percent_covered": 100.0, "percent_covered_display": "100", "missing_lines": 0, "excluded_lines": 0, "percent_statements_covered": 100.0, "percent_statements_covered_display": "100"}, "missing_lines": [], "excluded_lines": [], "start_line": 123}, "": {"executed_lines": [7, 9, 10, 11, 12, 13, 14, 15, 18, 19, 22, 23, 24, 27, 28, 31, 32, 36, 41, 45, 49, 75, 104, 107, 110, 116, 123, 133, 138, 173, 177, 181, 185, 202, 222, 240, 247], "summary": {"covered_lines": 37, "num_statements": 37, "percent_covered": 100.0, "percent_covered_display": "100", "missing_lines": 0, "excluded_lines": 0, "percent_statements_covered": 100.0, "percent_statements_covered_display": "100"}, "missing_lines": [], "excluded_lines": [], "start_line": 1}}}, "src/lyra_core/plugins/discovery.py": {"executed_lines": [22, 24, 25, 27, 30, 31, 57, 60, 103], "summary": {"covered_lines": 9, "num_statements": 34, "percent_covered": 26.470588235294116, "percent_covered_display": "26", "missing_lines": 25, "excluded_lines": 7, "percent_statements_covered": 26.470588235294116, "percent_statements_covered_display": "26"}, "missing_lines": [72, 73, 74, 78, 79, 81, 82, 83, 84, 85, 86, 87, 88, 89, 92, 94, 95, 96, 98, 99, 100, 110, 111, 112, 113], "excluded_lines": [50, 51, 52, 53, 54, 75, 76], "functions": {"Plugin.on_session_start": {"executed_lines": [], "summary": {"covered_lines": 0, "num_statements": 0, "percent_covered": 100.0, "percent_covered_display": "100", "missing_lines": 0, "excluded_lines": 1, "percent_statements_covered": 100.0, "percent_statements_covered_display": "100"}, "missing_lines": [], "excluded_lines": [51], "start_line": 51}, "Plugin.pre_llm_call": {"executed_lines": [], "summary": {"covered_lines": 0, "num_statements": 0, "percent_covered": 100.0, "percent_covered_display": "100", "missing_lines": 0, "excluded_lines": 1, "percent_statements_covered": 100.0, "percent_statements_covered_display": "100"}, "missing_lines": [], "excluded_lines": [52], "start_line": 52}, "Plugin.pre_tool_call": {"executed_lines": [], "summary": {"covered_lines": 0, "num_statements": 0, "percent_covered": 100.0, "percent_covered_display": "100", "missing_lines": 0, "excluded_lines": 1, "percent_statements_covered": 100.0, "percent_statements_covered_display": "100"}, "missing_lines": [], "excluded_lines": [53], "start_line": 53}, "Plugin.on_session_end": {"executed_lines": [], "summary": {"covered_lines": 0, "num_statements": 0, "percent_covered": 100.0, "percent_covered_display": "100", "missing_lines": 0, "excluded_lines": 1, "percent_statements_covered": 100.0, "percent_statements_covered_display": "100"}, "missing_lines": [], "excluded_lines": [54], "start_line": 54}, "discover_plugins": {"executed_lines": [], "summary": {"covered_lines": 0, "num_statements": 21, "percent_covered": 0.0, "percent_covered_display": "0", "missing_lines": 21, "excluded_lines": 2, "percent_statements_covered": 0.0, "percent_statements_covered_display": "0"}, "missing_lines": [72, 73, 74, 78, 79, 81, 82, 83, 84, 85, 86, 87, 88, 89, 92, 94, 95, 96, 98, 99, 100], "excluded_lines": [75, 76], "start_line": 60}, "fire": {"executed_lines": [], "summary": {"covered_lines": 0, "num_statements": 4, "percent_covered": 0.0, "percent_covered_display": "0", "missing_lines": 4, "excluded_lines": 0, "percent_statements_covered": 0.0, "percent_statements_covered_display": "0"}, "missing_lines": [110, 111, 112, 113], "excluded_lines": [], "start_line": 103}, "": {"executed_lines": [22, 24, 25, 27, 30, 31, 57, 60, 103], "summary": {"covered_lines": 9, "num_statements": 9, "percent_covered": 100.0, "percent_covered_display": "100", "missing_lines": 0, "excluded_lines": 1, "percent_statements_covered": 100.0, "percent_statements_covered_display": "100"}, "missing_lines": [], "excluded_lines": [50], "start_line": 1}}, "classes": {"Plugin": {"executed_lines": [], "summary": {"covered_lines": 0, "num_statements": 0, "percent_covered": 100.0, "percent_covered_display": "100", "missing_lines": 0, "excluded_lines": 4, "percent_statements_covered": 100.0, "percent_statements_covered_display": "100"}, "missing_lines": [], "excluded_lines": [51, 52, 53, 54], "start_line": 31}, "": {"executed_lines": [22, 24, 25, 27, 30, 31, 57, 60, 103], "summary": {"covered_lines": 9, "num_statements": 34, "percent_covered": 26.470588235294116, "percent_covered_display": "26", "missing_lines": 25, "excluded_lines": 3, "percent_statements_covered": 26.470588235294116, "percent_statements_covered_display": "26"}, "missing_lines": [72, 73, 74, 78, 79, 81, 82, 83, 84, 85, 86, 87, 88, 89, 92, 94, 95, 96, 98, 99, 100, 110, 111, 112, 113], "excluded_lines": [50, 75, 76], "start_line": 1}}}, "src/lyra_core/plugins/hot_reload.py": {"executed_lines": [17, 19, 20, 21, 22, 23, 24, 25, 26, 27, 28, 29, 30, 33, 34, 35, 36, 37, 38, 39, 40, 43, 44, 47, 48, 49, 50, 51, 54, 55, 58, 59, 60, 61, 62, 63, 64, 67, 69, 70, 71, 76, 78, 79, 80, 85, 86, 89, 90, 91, 92, 93, 96, 97, 122, 123, 124, 125, 126, 127, 128, 129, 130, 132, 139, 140, 141, 143, 144, 146, 154, 155, 157, 159, 161, 162, 164, 171, 173, 174, 175, 176, 178, 179, 180, 181, 182, 184, 186, 192, 193, 195, 196, 197, 198, 207, 208, 209, 211, 212, 213, 214, 215, 217, 219, 220, 223, 224, 225, 226, 229, 230, 231, 232, 234, 236, 237, 238, 239, 240, 245, 246, 248, 257, 259, 260, 268, 269, 271, 272, 274, 279, 281, 282, 283, 285, 286, 287, 289, 290, 291, 293, 294, 296, 298, 299, 300, 301, 303, 305, 306, 309, 310, 311, 325, 330, 334, 337, 338, 339, 344, 345, 346, 347, 350, 351, 353, 355, 356, 360, 362, 368, 371, 373, 379, 380, 382, 383, 384, 399, 401, 404, 405, 406, 414, 420, 421, 422, 423, 424, 426, 427, 429, 430, 432, 434, 437], "summary": {"covered_lines": 197, "num_statements": 229, "percent_covered": 86.02620087336244, "percent_covered_display": "86", "missing_lines": 32, "excluded_lines": 0, "percent_statements_covered": 86.02620087336244, "percent_statements_covered_display": "86"}, "missing_lines": [72, 73, 81, 82, 241, 242, 243, 313, 315, 317, 331, 335, 340, 341, 357, 358, 375, 376, 381, 387, 388, 390, 392, 393, 394, 395, 397, 402, 409, 410, 411, 412], "excluded_lines": [], "functions": {"_file_hash": {"executed_lines": [69, 70, 71], "summary": {"covered_lines": 3, "num_statements": 5, "percent_covered": 60.0, "percent_covered_display": "60", "missing_lines": 2, "excluded_lines": 0, "percent_statements_covered": 60.0, "percent_statements_covered_display": "60"}, "missing_lines": [72, 73], "excluded_lines": [], "start_line": 67}, "_safe_stat": {"executed_lines": [78, 79, 80], "summary": {"covered_lines": 3, "num_statements": 5, "percent_covered": 60.0, "percent_covered_display": "60", "missing_lines": 2, "excluded_lines": 0, "percent_statements_covered": 60.0, "percent_statements_covered_display": "60"}, "missing_lines": [81, 82], "excluded_lines": [], "start_line": 76}, "PluginHotReloader.watch": {"executed_lines": [139, 140, 141, 143, 144, 146, 154, 155, 157], "summary": {"covered_lines": 9, "num_statements": 9, "percent_covered": 100.0, "percent_covered_display": "100", "missing_lines": 0, "excluded_lines": 0, "percent_statements_covered": 100.0, "percent_statements_covered_display": "100"}, "missing_lines": [], "excluded_lines": [], "start_line": 132}, "PluginHotReloader.unwatch": {"executed_lines": [161, 162], "summary": {"covered_lines": 2, "num_statements": 2, "percent_covered": 100.0, "percent_covered_display": "100", "missing_lines": 0, "excluded_lines": 0, "percent_statements_covered": 100.0, "percent_statements_covered_display": "100"}, "missing_lines": [], "excluded_lines": [], "start_line": 159}, "PluginHotReloader.watch_directory": {"executed_lines": [171, 173, 174, 175, 176, 178, 179, 180, 181, 182, 184], "summary": {"covered_lines": 11, "num_statements": 11, "percent_covered": 100.0, "percent_covered_display": "100", "missing_lines": 0, "excluded_lines": 0, "percent_statements_covered": 100.0, "percent_statements_covered_display": "100"}, "missing_lines": [], "excluded_lines": [], "start_line": 164}, "PluginHotReloader.poll": {"executed_lines": [192, 193, 195, 196, 197, 198, 207, 208, 209, 211, 212, 213, 214, 215, 217, 219, 220, 223, 224, 225, 226, 229, 230, 231, 232, 234, 236, 237, 238, 239, 240, 245, 246, 248, 257, 259, 260, 268, 269, 271, 272], "summary": {"covered_lines": 41, "num_statements": 44, "percent_covered": 93.18181818181819, "percent_covered_display": "93", "missing_lines": 3, "excluded_lines": 0, "percent_statements_covered": 93.18181818181819, "percent_statements_covered_display": "93"}, "missing_lines": [241, 242, 243], "excluded_lines": [], "start_line": 186}, "PluginHotReloader.on_reload": {"executed_lines": [279], "summary": {"covered_lines": 1, "num_statements": 1, "percent_covered": 100.0, "percent_covered_display": "100", "missing_lines": 0, "excluded_lines": 0, "percent_statements_covered": 100.0, "percent_statements_covered_display": "100"}, "missing_lines": [], "excluded_lines": [], "start_line": 274}, "PluginHotReloader.watched_count": {"executed_lines": [283], "summary": {"covered_lines": 1, "num_statements": 1, "percent_covered": 100.0, "percent_covered_display": "100", "missing_lines": 0, "excluded_lines": 0, "percent_statements_covered": 100.0, "percent_statements_covered_display": "100"}, "missing_lines": [], "excluded_lines": [], "start_line": 282}, "PluginHotReloader.watched_paths": {"executed_lines": [287], "summary": {"covered_lines": 1, "num_statements": 1, "percent_covered": 100.0, "percent_covered_display": "100", "missing_lines": 0, "excluded_lines": 0, "percent_statements_covered": 100.0, "percent_statements_covered_display": "100"}, "missing_lines": [], "excluded_lines": [], "start_line": 286}, "PluginHotReloader.events": {"executed_lines": [291], "summary": {"covered_lines": 1, "num_statements": 1, "percent_covered": 100.0, "percent_covered_display": "100", "missing_lines": 0, "excluded_lines": 0, "percent_statements_covered": 100.0, "percent_statements_covered_display": "100"}, "missing_lines": [], "excluded_lines": [], "start_line": 290}, "PluginHotReloader.clear_events": {"executed_lines": [294], "summary": {"covered_lines": 1, "num_statements": 1, "percent_covered": 100.0, "percent_covered_display": "100", "missing_lines": 0, "excluded_lines": 0, "percent_statements_covered": 100.0, "percent_statements_covered_display": "100"}, "missing_lines": [], "excluded_lines": [], "start_line": 293}, "PluginHotReloader.stop": {"executed_lines": [298, 299, 300, 301], "summary": {"covered_lines": 4, "num_statements": 4, "percent_covered": 100.0, "percent_covered_display": "100", "missing_lines": 0, "excluded_lines": 0, "percent_statements_covered": 100.0, "percent_statements_covered_display": "100"}, "missing_lines": [], "excluded_lines": [], "start_line": 296}, "PluginHotReloader._create_snapshot": {"executed_lines": [305, 306, 309, 310, 311], "summary": {"covered_lines": 5, "num_statements": 8, "percent_covered": 62.5, "percent_covered_display": "62", "missing_lines": 3, "excluded_lines": 0, "percent_statements_covered": 62.5, "percent_statements_covered_display": "62"}, "missing_lines": [313, 315, 317], "excluded_lines": [], "start_line": 303}, "PluginHotReloader._validate_plugin": {"executed_lines": [330, 334, 337, 338, 339, 344, 345, 346, 347, 350, 351, 353, 355, 356, 360], "summary": {"covered_lines": 15, "num_statements": 21, "percent_covered": 71.42857142857143, "percent_covered_display": "71", "missing_lines": 6, "excluded_lines": 0, "percent_statements_covered": 71.42857142857143, "percent_statements_covered_display": "71"}, "missing_lines": [331, 335, 340, 341, 357, 358], "excluded_lines": [], "start_line": 325}, "PluginHotReloader._reload_plugin": {"executed_lines": [368, 371, 373, 379, 380, 382, 383, 384], "summary": {"covered_lines": 8, "num_statements": 19, "percent_covered": 42.10526315789474, "percent_covered_display": "42", "missing_lines": 11, "excluded_lines": 0, "percent_statements_covered": 42.10526315789474, "percent_statements_covered_display": "42"}, "missing_lines": [375, 376, 381, 387, 388, 390, 392, 393, 394, 395, 397], "excluded_lines": [], "start_line": 362}, "PluginHotReloader._rollback_plugin": {"executed_lines": [401, 404, 405, 406], "summary": {"covered_lines": 4, "num_statements": 9, "percent_covered": 44.44444444444444, "percent_covered_display": "44", "missing_lines": 5, "excluded_lines": 0, "percent_statements_covered": 44.44444444444444, "percent_statements_covered_display": "44"}, "missing_lines": [402, 409, 410, 411, 412], "excluded_lines": [], "start_line": 399}, "PluginHotReloader.validate_reload": {"executed_lines": [420, 421, 422, 423, 424, 426, 427, 429, 430], "summary": {"covered_lines": 9, "num_statements": 9, "percent_covered": 100.0, "percent_covered_display": "100", "missing_lines": 0, "excluded_lines": 0, "percent_statements_covered": 100.0, "percent_statements_covered_display": "100"}, "missing_lines": [], "excluded_lines": [], "start_line": 414}, "PluginHotReloader.rollback_on_failure": {"executed_lines": [434], "summary": {"covered_lines": 1, "num_statements": 1, "percent_covered": 100.0, "percent_covered_display": "100", "missing_lines": 0, "excluded_lines": 0, "percent_statements_covered": 100.0, "percent_statements_covered_display": "100"}, "missing_lines": [], "excluded_lines": [], "start_line": 432}, "": {"executed_lines": [17, 19, 20, 21, 22, 23, 24, 25, 26, 27, 28, 29, 30, 33, 34, 35, 36, 37, 38, 39, 40, 43, 44, 47, 48, 49, 50, 51, 54, 55, 58, 59, 60, 61, 62, 63, 64, 67, 76, 85, 86, 89, 90, 91, 92, 93, 96, 97, 122, 123, 124, 125, 126, 127, 128, 129, 130, 132, 159, 164, 186, 274, 281, 282, 285, 286, 289, 290, 293, 296, 303, 325, 362, 399, 414, 432, 437], "summary": {"covered_lines": 77, "num_statements": 77, "percent_covered": 100.0, "percent_covered_display": "100", "missing_lines": 0, "excluded_lines": 0, "percent_statements_covered": 100.0, "percent_statements_covered_display": "100"}, "missing_lines": [], "excluded_lines": [], "start_line": 1}}, "classes": {"ReloadStatus": {"executed_lines": [], "summary": {"covered_lines": 0, "num_statements": 0, "percent_covered": 100.0, "percent_covered_display": "100", "missing_lines": 0, "excluded_lines": 0, "percent_statements_covered": 100.0, "percent_statements_covered_display": "100"}, "missing_lines": [], "excluded_lines": [], "start_line": 33}, "PluginFileState": {"executed_lines": [], "summary": {"covered_lines": 0, "num_statements": 0, "percent_covered": 100.0, "percent_covered_display": "100", "missing_lines": 0, "excluded_lines": 0, "percent_statements_covered": 100.0, "percent_statements_covered_display": "100"}, "missing_lines": [], "excluded_lines": [], "start_line": 44}, "ReloadEvent": {"executed_lines": [], "summary": {"covered_lines": 0, "num_statements": 0, "percent_covered": 100.0, "percent_covered_display": "100", "missing_lines": 0, "excluded_lines": 0, "percent_statements_covered": 100.0, "percent_statements_covered_display": "100"}, "missing_lines": [], "excluded_lines": [], "start_line": 55}, "PluginSnapshot": {"executed_lines": [], "summary": {"covered_lines": 0, "num_statements": 0, "percent_covered": 100.0, "percent_covered_display": "100", "missing_lines": 0, "excluded_lines": 0, "percent_statements_covered": 100.0, "percent_statements_covered_display": "100"}, "missing_lines": [], "excluded_lines": [], "start_line": 86}, "PluginHotReloader": {"executed_lines": [139, 140, 141, 143, 144, 146, 154, 155, 157, 161, 162, 171, 173, 174, 175, 176, 178, 179, 180, 181, 182, 184, 192, 193, 195, 196, 197, 198, 207, 208, 209, 211, 212, 213, 214, 215, 217, 219, 220, 223, 224, 225, 226, 229, 230, 231, 232, 234, 236, 237, 238, 239, 240, 245, 246, 248, 257, 259, 260, 268, 269, 271, 272, 279, 283, 287, 291, 294, 298, 299, 300, 301, 305, 306, 309, 310, 311, 330, 334, 337, 338, 339, 344, 345, 346, 347, 350, 351, 353, 355, 356, 360, 368, 371, 373, 379, 380, 382, 383, 384, 401, 404, 405, 406, 420, 421, 422, 423, 424, 426, 427, 429, 430, 434], "summary": {"covered_lines": 114, "num_statements": 142, "percent_covered": 80.28169014084507, "percent_covered_display": "80", "missing_lines": 28, "excluded_lines": 0, "percent_statements_covered": 80.28169014084507, "percent_statements_covered_display": "80"}, "missing_lines": [241, 242, 243, 313, 315, 317, 331, 335, 340, 341, 357, 358, 375, 376, 381, 387, 388, 390, 392, 393, 394, 395, 397, 402, 409, 410, 411, 412], "excluded_lines": [], "start_line": 97}, "": {"executed_lines": [17, 19, 20, 21, 22, 23, 24, 25, 26, 27, 28, 29, 30, 33, 34, 35, 36, 37, 38, 39, 40, 43, 44, 47, 48, 49, 50, 51, 54, 55, 58, 59, 60, 61, 62, 63, 64, 67, 69, 70, 71, 76, 78, 79, 80, 85, 86, 89, 90, 91, 92, 93, 96, 97, 122, 123, 124, 125, 126, 127, 128, 129, 130, 132, 159, 164, 186, 274, 281, 282, 285, 286, 289, 290, 293, 296, 303, 325, 362, 399, 414, 432, 437], "summary": {"covered_lines": 83, "num_statements": 87, "percent_covered": 95.40229885057471, "percent_covered_display": "95", "missing_lines": 4, "excluded_lines": 0, "percent_statements_covered": 95.40229885057471, "percent_statements_covered_display": "95"}, "missing_lines": [72, 73, 81, 82], "excluded_lines": [], "start_line": 1}}}, "src/lyra_core/plugins/manifest.py": {"executed_lines": [19, 21, 22, 23, 24, 25, 27, 36, 39, 44, 47, 48, 56, 57, 58, 59, 60, 61, 62, 63, 66, 83, 135, 148], "summary": {"covered_lines": 24, "num_statements": 81, "percent_covered": 29.62962962962963, "percent_covered_display": "30", "missing_lines": 57, "excluded_lines": 0, "percent_statements_covered": 29.62962962962963, "percent_statements_covered_display": "30"}, "missing_lines": [67, 68, 69, 70, 73, 74, 75, 76, 79, 80, 90, 91, 93, 94, 95, 99, 100, 101, 102, 106, 107, 108, 111, 112, 113, 115, 116, 117, 118, 119, 120, 121, 123, 136, 138, 139, 140, 141, 142, 143, 144, 145, 155, 156, 157, 158, 163, 164, 165, 166, 170, 171, 172, 173, 177, 178, 182], "excluded_lines": [], "functions": {"_as_str_tuple": {"executed_lines": [], "summary": {"covered_lines": 0, "num_statements": 10, "percent_covered": 0.0, "percent_covered_display": "0", "missing_lines": 10, "excluded_lines": 0, "percent_statements_covered": 0.0, "percent_statements_covered_display": "0"}, "missing_lines": [67, 68, 69, 70, 73, 74, 75, 76, 79, 80], "excluded_lines": [], "start_line": 66}, "validate_manifest": {"executed_lines": [], "summary": {"covered_lines": 0, "num_statements": 23, "percent_covered": 0.0, "percent_covered_display": "0", "missing_lines": 23, "excluded_lines": 0, "percent_statements_covered": 0.0, "percent_statements_covered_display": "0"}, "missing_lines": [90, 91, 93, 94, 95, 99, 100, 101, 102, 106, 107, 108, 111, 112, 113, 115, 116, 117, 118, 119, 120, 121, 123], "excluded_lines": [], "start_line": 83}, "_locate_manifest_file": {"executed_lines": [], "summary": {"covered_lines": 0, "num_statements": 9, "percent_covered": 0.0, "percent_covered_display": "0", "missing_lines": 9, "excluded_lines": 0, "percent_statements_covered": 0.0, "percent_statements_covered_display": "0"}, "missing_lines": [136, 138, 139, 140, 141, 142, 143, 144, 145], "excluded_lines": [], "start_line": 135}, "load_manifest": {"executed_lines": [], "summary": {"covered_lines": 0, "num_statements": 15, "percent_covered": 0.0, "percent_covered_display": "0", "missing_lines": 15, "excluded_lines": 0, "percent_statements_covered": 0.0, "percent_statements_covered_display": "0"}, "missing_lines": [155, 156, 157, 158, 163, 164, 165, 166, 170, 171, 172, 173, 177, 178, 182], "excluded_lines": [], "start_line": 148}, "": {"executed_lines": [19, 21, 22, 23, 24, 25, 27, 36, 39, 44, 47, 48, 56, 57, 58, 59, 60, 61, 62, 63, 66, 83, 135, 148], "summary": {"covered_lines": 24, "num_statements": 24, "percent_covered": 100.0, "percent_covered_display": "100", "missing_lines": 0, "excluded_lines": 0, "percent_statements_covered": 100.0, "percent_statements_covered_display": "100"}, "missing_lines": [], "excluded_lines": [], "start_line": 1}}, "classes": {"PluginManifestError": {"executed_lines": [], "summary": {"covered_lines": 0, "num_statements": 0, "percent_covered": 100.0, "percent_covered_display": "100", "missing_lines": 0, "excluded_lines": 0, "percent_statements_covered": 100.0, "percent_statements_covered_display": "100"}, "missing_lines": [], "excluded_lines": [], "start_line": 39}, "PluginManifestSpec": {"executed_lines": [], "summary": {"covered_lines": 0, "num_statements": 0, "percent_covered": 100.0, "percent_covered_display": "100", "missing_lines": 0, "excluded_lines": 0, "percent_statements_covered": 100.0, "percent_statements_covered_display": "100"}, "missing_lines": [], "excluded_lines": [], "start_line": 48}, "": {"executed_lines": [19, 21, 22, 23, 24, 25, 27, 36, 39, 44, 47, 48, 56, 57, 58, 59, 60, 61, 62, 63, 66, 83, 135, 148], "summary": {"covered_lines": 24, "num_statements": 81, "percent_covered": 29.62962962962963, "percent_covered_display": "30", "missing_lines": 57, "excluded_lines": 0, "percent_statements_covered": 29.62962962962963, "percent_statements_covered_display": "30"}, "missing_lines": [67, 68, 69, 70, 73, 74, 75, 76, 79, 80, 90, 91, 93, 94, 95, 99, 100, 101, 102, 106, 107, 108, 111, 112, 113, 115, 116, 117, 118, 119, 120, 121, 123, 136, 138, 139, 140, 141, 142, 143, 144, 145, 155, 156, 157, 158, 163, 164, 165, 166, 170, 171, 172, 173, 177, 178, 182], "excluded_lines": [], "start_line": 1}}}, "src/lyra_core/plugins/registry.py": {"executed_lines": [18, 20, 21, 22, 23, 24, 25, 26, 27, 29, 41, 44, 45, 51, 52, 55, 56, 57, 58, 59, 60, 62, 63, 67, 71, 72, 75, 76, 77, 83, 94, 95, 96, 97, 98, 99, 100, 102, 112, 119, 125, 126, 127, 128, 130, 151, 157, 160, 166, 173, 181, 218, 225, 226, 228, 231, 233, 234, 235, 236, 237, 241], "summary": {"covered_lines": 62, "num_statements": 114, "percent_covered": 54.3859649122807, "percent_covered_display": "54", "missing_lines": 52, "excluded_lines": 4, "percent_statements_covered": 54.3859649122807, "percent_statements_covered_display": "54"}, "missing_lines": [64, 68, 103, 131, 132, 133, 134, 138, 139, 140, 141, 142, 143, 148, 149, 152, 153, 154, 155, 158, 161, 162, 163, 164, 167, 168, 169, 170, 171, 174, 175, 176, 177, 178, 179, 187, 188, 189, 190, 191, 192, 193, 194, 195, 196, 200, 203, 204, 212, 227, 232, 238], "excluded_lines": [90, 91, 92, 93], "functions": {"PluginMetadata.validate": {"executed_lines": [63, 67], "summary": {"covered_lines": 2, "num_statements": 4, "percent_covered": 50.0, "percent_covered_display": "50", "missing_lines": 2, "excluded_lines": 0, "percent_statements_covered": 50.0, "percent_statements_covered_display": "50"}, "missing_lines": [64, 68], "excluded_lines": [], "start_line": 62}, "PluginHook.__call__": {"executed_lines": [], "summary": {"covered_lines": 0, "num_statements": 0, "percent_covered": 100.0, "percent_covered_display": "100", "missing_lines": 0, "excluded_lines": 1, "percent_statements_covered": 100.0, "percent_statements_covered_display": "100"}, "missing_lines": [], "excluded_lines": [91], "start_line": 91}, "HookResult.to_dict": {"executed_lines": [], "summary": {"covered_lines": 0, "num_statements": 1, "percent_covered": 0.0, "percent_covered_display": "0", "missing_lines": 1, "excluded_lines": 0, "percent_statements_covered": 0.0, "percent_statements_covered_display": "0"}, "missing_lines": [103], "excluded_lines": [], "start_line": 102}, "PluginRegistry.register": {"executed_lines": [], "summary": {"covered_lines": 0, "num_statements": 12, "percent_covered": 0.0, "percent_covered_display": "0", "missing_lines": 12, "excluded_lines": 0, "percent_statements_covered": 0.0, "percent_statements_covered_display": "0"}, "missing_lines": [131, 132, 133, 134, 138, 139, 140, 141, 142, 143, 148, 149], "excluded_lines": [], "start_line": 130}, "PluginRegistry.unregister": {"executed_lines": [], "summary": {"covered_lines": 0, "num_statements": 4, "percent_covered": 0.0, "percent_covered_display": "0", "missing_lines": 4, "excluded_lines": 0, "percent_statements_covered": 0.0, "percent_statements_covered_display": "0"}, "missing_lines": [152, 153, 154, 155], "excluded_lines": [], "start_line": 151}, "PluginRegistry.names": {"executed_lines": [], "summary": {"covered_lines": 0, "num_statements": 1, "percent_covered": 0.0, "percent_covered_display": "0", "missing_lines": 1, "excluded_lines": 0, "percent_statements_covered": 0.0, "percent_statements_covered_display": "0"}, "missing_lines": [158], "excluded_lines": [], "start_line": 157}, "PluginRegistry.metadata": {"executed_lines": [], "summary": {"covered_lines": 0, "num_statements": 4, "percent_covered": 0.0, "percent_covered_display": "0", "missing_lines": 4, "excluded_lines": 0, "percent_statements_covered": 0.0, "percent_statements_covered_display": "0"}, "missing_lines": [161, 162, 163, 164], "excluded_lines": [], "start_line": 160}, "PluginRegistry.tool_factory": {"executed_lines": [], "summary": {"covered_lines": 0, "num_statements": 5, "percent_covered": 0.0, "percent_covered_display": "0", "missing_lines": 5, "excluded_lines": 0, "percent_statements_covered": 0.0, "percent_statements_covered_display": "0"}, "missing_lines": [167, 168, 169, 170, 171], "excluded_lines": [], "start_line": 166}, "PluginRegistry.tool_names": {"executed_lines": [], "summary": {"covered_lines": 0, "num_statements": 6, "percent_covered": 0.0, "percent_covered_display": "0", "missing_lines": 6, "excluded_lines": 0, "percent_statements_covered": 0.0, "percent_statements_covered_display": "0"}, "missing_lines": [174, 175, 176, 177, 178, 179], "excluded_lines": [], "start_line": 173}, "PluginRegistry.dispatch": {"executed_lines": [], "summary": {"covered_lines": 0, "num_statements": 14, "percent_covered": 0.0, "percent_covered_display": "0", "missing_lines": 14, "excluded_lines": 0, "percent_statements_covered": 0.0, "percent_statements_covered_display": "0"}, "missing_lines": [187, 188, 189, 190, 191, 192, 193, 194, 195, 196, 200, 203, 204, 212], "excluded_lines": [], "start_line": 181}, "load_plugin": {"executed_lines": [225, 226, 228, 231, 233, 234, 235, 236, 237, 241], "summary": {"covered_lines": 10, "num_statements": 13, "percent_covered": 76.92307692307692, "percent_covered_display": "77", "missing_lines": 3, "excluded_lines": 0, "percent_statements_covered": 76.92307692307692, "percent_statements_covered_display": "77"}, "missing_lines": [227, 232, 238], "excluded_lines": [], "start_line": 218}, "": {"executed_lines": [18, 20, 21, 22, 23, 24, 25, 26, 27, 29, 41, 44, 45, 51, 52, 55, 56, 57, 58, 59, 60, 62, 71, 72, 75, 76, 77, 83, 94, 95, 96, 97, 98, 99, 100, 102, 112, 119, 125, 126, 127, 128, 130, 151, 157, 160, 166, 173, 181, 218], "summary": {"covered_lines": 50, "num_statements": 50, "percent_covered": 100.0, "percent_covered_display": "100", "missing_lines": 0, "excluded_lines": 3, "percent_statements_covered": 100.0, "percent_statements_covered_display": "100"}, "missing_lines": [], "excluded_lines": [90, 92, 93], "start_line": 1}}, "classes": {"PluginValidationError": {"executed_lines": [], "summary": {"covered_lines": 0, "num_statements": 0, "percent_covered": 100.0, "percent_covered_display": "100", "missing_lines": 0, "excluded_lines": 0, "percent_statements_covered": 100.0, "percent_statements_covered_display": "100"}, "missing_lines": [], "excluded_lines": [], "start_line": 44}, "PluginMetadata": {"executed_lines": [63, 67], "summary": {"covered_lines": 2, "num_statements": 4, "percent_covered": 50.0, "percent_covered_display": "50", "missing_lines": 2, "excluded_lines": 0, "percent_statements_covered": 50.0, "percent_statements_covered_display": "50"}, "missing_lines": [64, 68], "excluded_lines": [], "start_line": 52}, "PluginManifest": {"executed_lines": [], "summary": {"covered_lines": 0, "num_statements": 0, "percent_covered": 100.0, "percent_covered_display": "100", "missing_lines": 0, "excluded_lines": 0, "percent_statements_covered": 100.0, "percent_statements_covered_display": "100"}, "missing_lines": [], "excluded_lines": [], "start_line": 72}, "PluginHook": {"executed_lines": [], "summary": {"covered_lines": 0, "num_statements": 0, "percent_covered": 100.0, "percent_covered_display": "100", "missing_lines": 0, "excluded_lines": 1, "percent_statements_covered": 100.0, "percent_statements_covered_display": "100"}, "missing_lines": [], "excluded_lines": [91], "start_line": 83}, "HookResult": {"executed_lines": [], "summary": {"covered_lines": 0, "num_statements": 1, "percent_covered": 0.0, "percent_covered_display": "0", "missing_lines": 1, "excluded_lines": 0, "percent_statements_covered": 0.0, "percent_statements_covered_display": "0"}, "missing_lines": [103], "excluded_lines": [], "start_line": 95}, "HarnessPlugin": {"executed_lines": [], "summary": {"covered_lines": 0, "num_statements": 0, "percent_covered": 100.0, "percent_covered_display": "100", "missing_lines": 0, "excluded_lines": 0, "percent_statements_covered": 100.0, "percent_statements_covered_display": "100"}, "missing_lines": [], "excluded_lines": [], "start_line": 112}, "PluginRegistry": {"executed_lines": [], "summary": {"covered_lines": 0, "num_statements": 46, "percent_covered": 0.0, "percent_covered_display": "0", "missing_lines": 46, "excluded_lines": 0, "percent_statements_covered": 0.0, "percent_statements_covered_display": "0"}, "missing_lines": [131, 132, 133, 134, 138, 139, 140, 141, 142, 143, 148, 149, 152, 153, 154, 155, 158, 161, 162, 163, 164, 167, 168, 169, 170, 171, 174, 175, 176, 177, 178, 179, 187, 188, 189, 190, 191, 192, 193, 194, 195, 196, 200, 203, 204, 212], "excluded_lines": [], "start_line": 126}, "": {"executed_lines": [18, 20, 21, 22, 23, 24, 25, 26, 27, 29, 41, 44, 45, 51, 52, 55, 56, 57, 58, 59, 60, 62, 71, 72, 75, 76, 77, 83, 94, 95, 96, 97, 98, 99, 100, 102, 112, 119, 125, 126, 127, 128, 130, 151, 157, 160, 166, 173, 181, 218, 225, 226, 228, 231, 233, 234, 235, 236, 237, 241], "summary": {"covered_lines": 60, "num_statements": 63, "percent_covered": 95.23809523809524, "percent_covered_display": "95", "missing_lines": 3, "excluded_lines": 3, "percent_statements_covered": 95.23809523809524, "percent_statements_covered_display": "95"}, "missing_lines": [227, 232, 238], "excluded_lines": [90, 92, 93], "start_line": 1}}}, "src/lyra_core/plugins/runtime.py": {"executed_lines": [21, 23, 24, 25, 26, 27, 29, 36, 42, 43, 46, 47, 48, 50, 51, 55, 75, 76, 83, 85, 120, 123], "summary": {"covered_lines": 22, "num_statements": 66, "percent_covered": 33.333333333333336, "percent_covered_display": "33", "missing_lines": 44, "excluded_lines": 0, "percent_statements_covered": 33.333333333333336, "percent_statements_covered_display": "33"}, "missing_lines": [52, 57, 58, 61, 62, 63, 66, 67, 68, 69, 70, 71, 72, 92, 93, 94, 98, 99, 101, 102, 103, 106, 107, 108, 110, 111, 112, 113, 116, 117, 118, 121, 129, 130, 131, 132, 133, 134, 135, 136, 137, 140, 141, 147], "excluded_lines": [], "functions": {"LoadedPlugin.is_imported": {"executed_lines": [], "summary": {"covered_lines": 0, "num_statements": 1, "percent_covered": 0.0, "percent_covered_display": "0", "missing_lines": 1, "excluded_lines": 0, "percent_statements_covered": 0.0, "percent_statements_covered_display": "0"}, "missing_lines": [52], "excluded_lines": [], "start_line": 51}, "_resolve_entry": {"executed_lines": [], "summary": {"covered_lines": 0, "num_statements": 12, "percent_covered": 0.0, "percent_covered_display": "0", "missing_lines": 12, "excluded_lines": 0, "percent_statements_covered": 0.0, "percent_statements_covered_display": "0"}, "missing_lines": [57, 58, 61, 62, 63, 66, 67, 68, 69, 70, 71, 72], "excluded_lines": [], "start_line": 55}, "PluginRuntime.discover": {"executed_lines": [], "summary": {"covered_lines": 0, "num_statements": 18, "percent_covered": 0.0, "percent_covered_display": "0", "missing_lines": 18, "excluded_lines": 0, "percent_statements_covered": 0.0, "percent_statements_covered_display": "0"}, "missing_lines": [92, 93, 94, 98, 99, 101, 102, 103, 106, 107, 108, 110, 111, 112, 113, 116, 117, 118], "excluded_lines": [], "start_line": 85}, "PluginRuntime.loaded": {"executed_lines": [], "summary": {"covered_lines": 0, "num_statements": 1, "percent_covered": 0.0, "percent_covered_display": "0", "missing_lines": 1, "excluded_lines": 0, "percent_statements_covered": 0.0, "percent_statements_covered_display": "0"}, "missing_lines": [121], "excluded_lines": [], "start_line": 120}, "PluginRuntime.dispatch": {"executed_lines": [], "summary": {"covered_lines": 0, "num_statements": 12, "percent_covered": 0.0, "percent_covered_display": "0", "missing_lines": 12, "excluded_lines": 0, "percent_statements_covered": 0.0, "percent_statements_covered_display": "0"}, "missing_lines": [129, 130, 131, 132, 133, 134, 135, 136, 137, 140, 141, 147], "excluded_lines": [], "start_line": 123}, "": {"executed_lines": [21, 23, 24, 25, 26, 27, 29, 36, 42, 43, 46, 47, 48, 50, 51, 55, 75, 76, 83, 85, 120, 123], "summary": {"covered_lines": 22, "num_statements": 22, "percent_covered": 100.0, "percent_covered_display": "100", "missing_lines": 0, "excluded_lines": 0, "percent_statements_covered": 100.0, "percent_statements_covered_display": "100"}, "missing_lines": [], "excluded_lines": [], "start_line": 1}}, "classes": {"LoadedPlugin": {"executed_lines": [], "summary": {"covered_lines": 0, "num_statements": 1, "percent_covered": 0.0, "percent_covered_display": "0", "missing_lines": 1, "excluded_lines": 0, "percent_statements_covered": 0.0, "percent_statements_covered_display": "0"}, "missing_lines": [52], "excluded_lines": [], "start_line": 43}, "PluginRuntime": {"executed_lines": [], "summary": {"covered_lines": 0, "num_statements": 31, "percent_covered": 0.0, "percent_covered_display": "0", "missing_lines": 31, "excluded_lines": 0, "percent_statements_covered": 0.0, "percent_statements_covered_display": "0"}, "missing_lines": [92, 93, 94, 98, 99, 101, 102, 103, 106, 107, 108, 110, 111, 112, 113, 116, 117, 118, 121, 129, 130, 131, 132, 133, 134, 135, 136, 137, 140, 141, 147], "excluded_lines": [], "start_line": 76}, "": {"executed_lines": [21, 23, 24, 25, 26, 27, 29, 36, 42, 43, 46, 47, 48, 50, 51, 55, 75, 76, 83, 85, 120, 123], "summary": {"covered_lines": 22, "num_statements": 34, "percent_covered": 64.70588235294117, "percent_covered_display": "65", "missing_lines": 12, "excluded_lines": 0, "percent_statements_covered": 64.70588235294117, "percent_statements_covered_display": "65"}, "missing_lines": [57, 58, 61, 62, 63, 66, 67, 68, 69, 70, 71, 72], "excluded_lines": [], "start_line": 1}}}, "src/lyra_core/plugins/watcher.py": {"executed_lines": [7, 9, 10, 11, 12, 13, 14, 17, 18, 21, 22, 23, 24, 27, 28, 31, 32, 33, 36, 49, 50, 51, 52, 53, 54, 55, 56, 58, 60, 61, 62, 63, 64, 65, 67, 69, 70, 71, 73, 76, 79, 81, 82, 84, 86, 87, 89, 90, 93, 95, 97, 98, 99, 100, 102, 103, 104, 106, 107, 109, 110, 112, 113, 115, 116, 118, 120, 123, 124, 125, 129, 130, 132, 133, 134, 135, 142, 144, 145, 146, 148, 150, 152, 153, 154, 159, 161, 163, 164, 165, 168, 169, 172, 173, 174, 178, 179, 181, 184, 186, 187, 188, 190, 192, 199, 200, 202, 209, 214, 215, 216, 223, 226, 229, 230, 231, 232, 233, 235, 238], "summary": {"covered_lines": 120, "num_statements": 136, "percent_covered": 88.23529411764706, "percent_covered_display": "88", "missing_lines": 16, "excluded_lines": 0, "percent_statements_covered": 88.23529411764706, "percent_statements_covered_display": "88"}, "missing_lines": [77, 88, 121, 127, 131, 139, 140, 147, 155, 157, 170, 176, 180, 182, 210, 211], "excluded_lines": [], "functions": {"PluginWatcher.__init__": {"executed_lines": [50, 51, 52, 53, 54, 55, 56], "summary": {"covered_lines": 7, "num_statements": 7, "percent_covered": 100.0, "percent_covered_display": "100", "missing_lines": 0, "excluded_lines": 0, "percent_statements_covered": 100.0, "percent_statements_covered_display": "100"}, "missing_lines": [], "excluded_lines": [], "start_line": 49}, "PluginWatcher.add_directory": {"executed_lines": [60, 61, 62, 63, 64, 65], "summary": {"covered_lines": 6, "num_statements": 6, "percent_covered": 100.0, "percent_covered_display": "100", "missing_lines": 0, "excluded_lines": 0, "percent_statements_covered": 100.0, "percent_statements_covered_display": "100"}, "missing_lines": [], "excluded_lines": [], "start_line": 58}, "PluginWatcher.remove_directory": {"executed_lines": [69, 70, 71, 73, 76], "summary": {"covered_lines": 5, "num_statements": 6, "percent_covered": 83.33333333333333, "percent_covered_display": "83", "missing_lines": 1, "excluded_lines": 0, "percent_statements_covered": 83.33333333333333, "percent_statements_covered_display": "83"}, "missing_lines": [77], "excluded_lines": [], "start_line": 67}, "PluginWatcher.on_change": {"executed_lines": [81, 82], "summary": {"covered_lines": 2, "num_statements": 2, "percent_covered": 100.0, "percent_covered_display": "100", "missing_lines": 0, "excluded_lines": 0, "percent_statements_covered": 100.0, "percent_statements_covered_display": "100"}, "missing_lines": [], "excluded_lines": [], "start_line": 79}, "PluginWatcher.start": {"executed_lines": [86, 87, 89, 90, 93], "summary": {"covered_lines": 5, "num_statements": 6, "percent_covered": 83.33333333333333, "percent_covered_display": "83", "missing_lines": 1, "excluded_lines": 0, "percent_statements_covered": 83.33333333333333, "percent_statements_covered_display": "83"}, "missing_lines": [88], "excluded_lines": [], "start_line": 84}, "PluginWatcher.stop": {"executed_lines": [97, 98, 99, 100, 102, 103, 104], "summary": {"covered_lines": 7, "num_statements": 7, "percent_covered": 100.0, "percent_covered_display": "100", "missing_lines": 0, "excluded_lines": 0, "percent_statements_covered": 100.0, "percent_statements_covered_display": "100"}, "missing_lines": [], "excluded_lines": [], "start_line": 95}, "PluginWatcher.is_running": {"executed_lines": [109, 110], "summary": {"covered_lines": 2, "num_statements": 2, "percent_covered": 100.0, "percent_covered_display": "100", "missing_lines": 0, "excluded_lines": 0, "percent_statements_covered": 100.0, "percent_statements_covered_display": "100"}, "missing_lines": [], "excluded_lines": [], "start_line": 107}, "PluginWatcher.watched_directories": {"executed_lines": [115, 116], "summary": {"covered_lines": 2, "num_statements": 2, "percent_covered": 100.0, "percent_covered_display": "100", "missing_lines": 0, "excluded_lines": 0, "percent_statements_covered": 100.0, "percent_statements_covered_display": "100"}, "missing_lines": [], "excluded_lines": [], "start_line": 113}, "PluginWatcher._scan_directory": {"executed_lines": [120, 123, 124, 125, 129, 130, 132, 133, 134, 135], "summary": {"covered_lines": 10, "num_statements": 15, "percent_covered": 66.66666666666667, "percent_covered_display": "67", "missing_lines": 5, "excluded_lines": 0, "percent_statements_covered": 66.66666666666667, "percent_statements_covered_display": "67"}, "missing_lines": [121, 127, 131, 139, 140], "excluded_lines": [], "start_line": 118}, "PluginWatcher._should_ignore": {"executed_lines": [144, 145, 146, 148], "summary": {"covered_lines": 4, "num_statements": 5, "percent_covered": 80.0, "percent_covered_display": "80", "missing_lines": 1, "excluded_lines": 0, "percent_statements_covered": 80.0, "percent_statements_covered_display": "80"}, "missing_lines": [147], "excluded_lines": [], "start_line": 142}, "PluginWatcher._watch_loop": {"executed_lines": [152, 153, 154, 159], "summary": {"covered_lines": 4, "num_statements": 6, "percent_covered": 66.66666666666667, "percent_covered_display": "67", "missing_lines": 2, "excluded_lines": 0, "percent_statements_covered": 66.66666666666667, "percent_statements_covered_display": "67"}, "missing_lines": [155, 157], "excluded_lines": [], "start_line": 150}, "PluginWatcher._check_changes": {"executed_lines": [163, 164, 165, 168, 169, 172, 173, 174, 178, 179, 181, 184, 186, 187, 188, 190, 192, 199, 200, 202, 209, 214, 215, 216, 223, 226, 229, 230, 231, 232, 233, 235], "summary": {"covered_lines": 32, "num_statements": 38, "percent_covered": 84.21052631578948, "percent_covered_display": "84", "missing_lines": 6, "excluded_lines": 0, "percent_statements_covered": 84.21052631578948, "percent_statements_covered_display": "84"}, "missing_lines": [170, 176, 180, 182, 210, 211], "excluded_lines": [], "start_line": 161}, "": {"executed_lines": [7, 9, 10, 11, 12, 13, 14, 17, 18, 21, 22, 23, 24, 27, 28, 31, 32, 33, 36, 49, 58, 67, 79, 84, 95, 106, 107, 112, 113, 118, 142, 150, 161, 238], "summary": {"covered_lines": 34, "num_statements": 34, "percent_covered": 100.0, "percent_covered_display": "100", "missing_lines": 0, "excluded_lines": 0, "percent_statements_covered": 100.0, "percent_statements_covered_display": "100"}, "missing_lines": [], "excluded_lines": [], "start_line": 1}}, "classes": {"WatcherConfig": {"executed_lines": [], "summary": {"covered_lines": 0, "num_statements": 0, "percent_covered": 100.0, "percent_covered_display": "100", "missing_lines": 0, "excluded_lines": 0, "percent_statements_covered": 100.0, "percent_statements_covered_display": "100"}, "missing_lines": [], "excluded_lines": [], "start_line": 18}, "FileChangeEvent": {"executed_lines": [], "summary": {"covered_lines": 0, "num_statements": 0, "percent_covered": 100.0, "percent_covered_display": "100", "missing_lines": 0, "excluded_lines": 0, "percent_statements_covered": 100.0, "percent_statements_covered_display": "100"}, "missing_lines": [], "excluded_lines": [], "start_line": 28}, "PluginWatcher": {"executed_lines": [50, 51, 52, 53, 54, 55, 56, 60, 61, 62, 63, 64, 65, 69, 70, 71, 73, 76, 81, 82, 86, 87, 89, 90, 93, 97, 98, 99, 100, 102, 103, 104, 109, 110, 115, 116, 120, 123, 124, 125, 129, 130, 132, 133, 134, 135, 144, 145, 146, 148, 152, 153, 154, 159, 163, 164, 165, 168, 169, 172, 173, 174, 178, 179, 181, 184, 186, 187, 188, 190, 192, 199, 200, 202, 209, 214, 215, 216, 223, 226, 229, 230, 231, 232, 233, 235], "summary": {"covered_lines": 86, "num_statements": 102, "percent_covered": 84.31372549019608, "percent_covered_display": "84", "missing_lines": 16, "excluded_lines": 0, "percent_statements_covered": 84.31372549019608, "percent_statements_covered_display": "84"}, "missing_lines": [77, 88, 121, 127, 131, 139, 140, 147, 155, 157, 170, 176, 180, 182, 210, 211], "excluded_lines": [], "start_line": 36}, "": {"executed_lines": [7, 9, 10, 11, 12, 13, 14, 17, 18, 21, 22, 23, 24, 27, 28, 31, 32, 33, 36, 49, 58, 67, 79, 84, 95, 106, 107, 112, 113, 118, 142, 150, 161, 238], "summary": {"covered_lines": 34, "num_statements": 34, "percent_covered": 100.0, "percent_covered_display": "100", "missing_lines": 0, "excluded_lines": 0, "percent_statements_covered": 100.0, "percent_statements_covered_display": "100"}, "missing_lines": [], "excluded_lines": [], "start_line": 1}}}}, "totals": {"covered_lines": 575, "num_statements": 856, "percent_covered": 67.17289719626169, "percent_covered_display": "67", "missing_lines": 281, "excluded_lines": 11, "percent_statements_covered": 67.17289719626169, "percent_statements_covered_display": "67"}}