{"meta": {"format": 3, "version": "7.13.5", "timestamp": "2026-05-22T00:28:06.361096", "branch_coverage": false, "show_contexts": false}, "files": {"src/lyra_core/orchestration/__init__.py": {"executed_lines": [7, 13, 14, 15, 16, 18], "summary": {"covered_lines": 6, "num_statements": 6, "percent_covered": 100.0, "percent_covered_display": "100", "missing_lines": 0, "excluded_lines": 0, "percent_statements_covered": 100.0, "percent_statements_covered_display": "100"}, "missing_lines": [], "excluded_lines": [], "functions": {"": {"executed_lines": [7, 13, 14, 15, 16, 18], "summary": {"covered_lines": 6, "num_statements": 6, "percent_covered": 100.0, "percent_covered_display": "100", "missing_lines": 0, "excluded_lines": 0, "percent_statements_covered": 100.0, "percent_statements_covered_display": "100"}, "missing_lines": [], "excluded_lines": [], "start_line": 1}}, "classes": {"": {"executed_lines": [7, 13, 14, 15, 16, 18], "summary": {"covered_lines": 6, "num_statements": 6, "percent_covered": 100.0, "percent_covered_display": "100", "missing_lines": 0, "excluded_lines": 0, "percent_statements_covered": 100.0, "percent_statements_covered_display": "100"}, "missing_lines": [], "excluded_lines": [], "start_line": 1}}}, "src/lyra_core/orchestration/agent_base.py": {"executed_lines": [7, 9, 10, 11, 12, 13, 15, 16, 19, 22, 23, 24, 25, 26, 27, 28, 29, 32, 35, 36, 37, 38, 39, 42, 43, 55, 56, 57, 58, 59, 60, 62, 63, 82, 92, 99, 110, 111, 112, 113, 115, 116, 118, 120, 121, 123, 125, 126, 128, 130, 131, 133, 135, 136, 140, 141, 143, 145, 151, 152, 154, 159, 160, 161, 163, 169, 170, 171, 172, 173, 175, 181, 183, 189, 191, 192, 199, 200, 207, 208, 218, 230, 236, 238, 257, 264, 271, 274], "summary": {"covered_lines": 88, "num_statements": 93, "percent_covered": 94.6236559139785, "percent_covered_display": "95", "missing_lines": 5, "excluded_lines": 0, "percent_statements_covered": 94.6236559139785, "percent_statements_covered_display": "95"}, "missing_lines": [138, 197, 205, 216, 228], "excluded_lines": [], "functions": {"AgentMetadata.create": {"executed_lines": [82], "summary": {"covered_lines": 1, "num_statements": 1, "percent_covered": 100.0, "percent_covered_display": "100", "missing_lines": 0, "excluded_lines": 0, "percent_statements_covered": 100.0, "percent_statements_covered_display": "100"}, "missing_lines": [], "excluded_lines": [], "start_line": 63}, "BaseAgent.__init__": {"executed_lines": [110, 111, 112, 113], "summary": {"covered_lines": 4, "num_statements": 4, "percent_covered": 100.0, "percent_covered_display": "100", "missing_lines": 0, "excluded_lines": 0, "percent_statements_covered": 100.0, "percent_statements_covered_display": "100"}, "missing_lines": [], "excluded_lines": [], "start_line": 99}, "BaseAgent.agent_id": {"executed_lines": [118], "summary": {"covered_lines": 1, "num_statements": 1, "percent_covered": 100.0, "percent_covered_display": "100", "missing_lines": 0, "excluded_lines": 0, "percent_statements_covered": 100.0, "percent_statements_covered_display": "100"}, "missing_lines": [], "excluded_lines": [], "start_line": 116}, "BaseAgent.role": {"executed_lines": [123], "summary": {"covered_lines": 1, "num_statements": 1, "percent_covered": 100.0, "percent_covered_display": "100", "missing_lines": 0, "excluded_lines": 0, "percent_statements_covered": 100.0, "percent_statements_covered_display": "100"}, "missing_lines": [], "excluded_lines": [], "start_line": 121}, "BaseAgent.team_id": {"executed_lines": [128], "summary": {"covered_lines": 1, "num_statements": 1, "percent_covered": 100.0, "percent_covered_display": "100", "missing_lines": 0, "excluded_lines": 0, "percent_statements_covered": 100.0, "percent_statements_covered_display": "100"}, "missing_lines": [], "excluded_lines": [], "start_line": 126}, "BaseAgent.status": {"executed_lines": [133], "summary": {"covered_lines": 1, "num_statements": 1, "percent_covered": 100.0, "percent_covered_display": "100", "missing_lines": 0, "excluded_lines": 0, "percent_statements_covered": 100.0, "percent_statements_covered_display": "100"}, "missing_lines": [], "excluded_lines": [], "start_line": 131}, "BaseAgent.metadata": {"executed_lines": [], "summary": {"covered_lines": 0, "num_statements": 1, "percent_covered": 0.0, "percent_covered_display": "0", "missing_lines": 1, "excluded_lines": 0, "percent_statements_covered": 0.0, "percent_statements_covered_display": "0"}, "missing_lines": [138], "excluded_lines": [], "start_line": 136}, "BaseAgent.current_task": {"executed_lines": [143], "summary": {"covered_lines": 1, "num_statements": 1, "percent_covered": 100.0, "percent_covered_display": "100", "missing_lines": 0, "excluded_lines": 0, "percent_statements_covered": 100.0, "percent_statements_covered_display": "100"}, "missing_lines": [], "excluded_lines": [], "start_line": 141}, "BaseAgent.start": {"executed_lines": [151, 152], "summary": {"covered_lines": 2, "num_statements": 2, "percent_covered": 100.0, "percent_covered_display": "100", "missing_lines": 0, "excluded_lines": 0, "percent_statements_covered": 100.0, "percent_statements_covered_display": "100"}, "missing_lines": [], "excluded_lines": [], "start_line": 145}, "BaseAgent.stop": {"executed_lines": [159, 160, 161], "summary": {"covered_lines": 3, "num_statements": 3, "percent_covered": 100.0, "percent_covered_display": "100", "missing_lines": 0, "excluded_lines": 0, "percent_statements_covered": 100.0, "percent_statements_covered_display": "100"}, "missing_lines": [], "excluded_lines": [], "start_line": 154}, "BaseAgent._handle_message": {"executed_lines": [169, 170, 171, 172, 173], "summary": {"covered_lines": 5, "num_statements": 5, "percent_covered": 100.0, "percent_covered_display": "100", "missing_lines": 0, "excluded_lines": 0, "percent_statements_covered": 100.0, "percent_statements_covered_display": "100"}, "missing_lines": [], "excluded_lines": [], "start_line": 163}, "BaseAgent._set_status": {"executed_lines": [181], "summary": {"covered_lines": 1, "num_statements": 1, "percent_covered": 100.0, "percent_covered_display": "100", "missing_lines": 0, "excluded_lines": 0, "percent_statements_covered": 100.0, "percent_statements_covered_display": "100"}, "missing_lines": [], "excluded_lines": [], "start_line": 175}, "BaseAgent._set_current_task": {"executed_lines": [189], "summary": {"covered_lines": 1, "num_statements": 1, "percent_covered": 100.0, "percent_covered_display": "100", "missing_lines": 0, "excluded_lines": 0, "percent_statements_covered": 100.0, "percent_statements_covered_display": "100"}, "missing_lines": [], "excluded_lines": [], "start_line": 183}, "BaseAgent.on_start": {"executed_lines": [], "summary": {"covered_lines": 0, "num_statements": 1, "percent_covered": 0.0, "percent_covered_display": "0", "missing_lines": 1, "excluded_lines": 0, "percent_statements_covered": 0.0, "percent_statements_covered_display": "0"}, "missing_lines": [197], "excluded_lines": [], "start_line": 192}, "BaseAgent.on_stop": {"executed_lines": [], "summary": {"covered_lines": 0, "num_statements": 1, "percent_covered": 0.0, "percent_covered_display": "0", "missing_lines": 1, "excluded_lines": 0, "percent_statements_covered": 0.0, "percent_statements_covered_display": "0"}, "missing_lines": [205], "excluded_lines": [], "start_line": 200}, "BaseAgent.on_message": {"executed_lines": [], "summary": {"covered_lines": 0, "num_statements": 1, "percent_covered": 0.0, "percent_covered_display": "0", "missing_lines": 1, "excluded_lines": 0, "percent_statements_covered": 0.0, "percent_statements_covered_display": "0"}, "missing_lines": [216], "excluded_lines": [], "start_line": 208}, "BaseAgent.on_error": {"executed_lines": [], "summary": {"covered_lines": 0, "num_statements": 1, "percent_covered": 0.0, "percent_covered_display": "0", "missing_lines": 1, "excluded_lines": 0, "percent_statements_covered": 0.0, "percent_statements_covered_display": "0"}, "missing_lines": [228], "excluded_lines": [], "start_line": 218}, "BaseAgent.send_message": {"executed_lines": [236], "summary": {"covered_lines": 1, "num_statements": 1, "percent_covered": 100.0, "percent_covered_display": "100", "missing_lines": 0, "excluded_lines": 0, "percent_statements_covered": 100.0, "percent_statements_covered_display": "100"}, "missing_lines": [], "excluded_lines": [], "start_line": 230}, "BaseAgent.send_request": {"executed_lines": [257], "summary": {"covered_lines": 1, "num_statements": 1, "percent_covered": 100.0, "percent_covered_display": "100", "missing_lines": 0, "excluded_lines": 0, "percent_statements_covered": 100.0, "percent_statements_covered_display": "100"}, "missing_lines": [], "excluded_lines": [], "start_line": 238}, "BaseAgent.send_response": {"executed_lines": [271], "summary": {"covered_lines": 1, "num_statements": 1, "percent_covered": 100.0, "percent_covered_display": "100", "missing_lines": 0, "excluded_lines": 0, "percent_statements_covered": 100.0, "percent_statements_covered_display": "100"}, "missing_lines": [], "excluded_lines": [], "start_line": 264}, "": {"executed_lines": [7, 9, 10, 11, 12, 13, 15, 16, 19, 22, 23, 24, 25, 26, 27, 28, 29, 32, 35, 36, 37, 38, 39, 42, 43, 55, 56, 57, 58, 59, 60, 62, 63, 92, 99, 115, 116, 120, 121, 125, 126, 130, 131, 135, 136, 140, 141, 145, 154, 163, 175, 183, 191, 192, 199, 200, 207, 208, 218, 230, 238, 264, 274], "summary": {"covered_lines": 63, "num_statements": 63, "percent_covered": 100.0, "percent_covered_display": "100", "missing_lines": 0, "excluded_lines": 0, "percent_statements_covered": 100.0, "percent_statements_covered_display": "100"}, "missing_lines": [], "excluded_lines": [], "start_line": 1}}, "classes": {"AgentRole": {"executed_lines": [], "summary": {"covered_lines": 0, "num_statements": 0, "percent_covered": 100.0, "percent_covered_display": "100", "missing_lines": 0, "excluded_lines": 0, "percent_statements_covered": 100.0, "percent_statements_covered_display": "100"}, "missing_lines": [], "excluded_lines": [], "start_line": 19}, "AgentStatus": {"executed_lines": [], "summary": {"covered_lines": 0, "num_statements": 0, "percent_covered": 100.0, "percent_covered_display": "100", "missing_lines": 0, "excluded_lines": 0, "percent_statements_covered": 100.0, "percent_statements_covered_display": "100"}, "missing_lines": [], "excluded_lines": [], "start_line": 32}, "AgentMetadata": {"executed_lines": [82], "summary": {"covered_lines": 1, "num_statements": 1, "percent_covered": 100.0, "percent_covered_display": "100", "missing_lines": 0, "excluded_lines": 0, "percent_statements_covered": 100.0, "percent_statements_covered_display": "100"}, "missing_lines": [], "excluded_lines": [], "start_line": 43}, "BaseAgent": {"executed_lines": [110, 111, 112, 113, 118, 123, 128, 133, 143, 151, 152, 159, 160, 161, 169, 170, 171, 172, 173, 181, 189, 236, 257, 271], "summary": {"covered_lines": 24, "num_statements": 29, "percent_covered": 82.75862068965517, "percent_covered_display": "83", "missing_lines": 5, "excluded_lines": 0, "percent_statements_covered": 82.75862068965517, "percent_statements_covered_display": "83"}, "missing_lines": [138, 197, 205, 216, 228], "excluded_lines": [], "start_line": 92}, "": {"executed_lines": [7, 9, 10, 11, 12, 13, 15, 16, 19, 22, 23, 24, 25, 26, 27, 28, 29, 32, 35, 36, 37, 38, 39, 42, 43, 55, 56, 57, 58, 59, 60, 62, 63, 92, 99, 115, 116, 120, 121, 125, 126, 130, 131, 135, 136, 140, 141, 145, 154, 163, 175, 183, 191, 192, 199, 200, 207, 208, 218, 230, 238, 264, 274], "summary": {"covered_lines": 63, "num_statements": 63, "percent_covered": 100.0, "percent_covered_display": "100", "missing_lines": 0, "excluded_lines": 0, "percent_statements_covered": 100.0, "percent_statements_covered_display": "100"}, "missing_lines": [], "excluded_lines": [], "start_line": 1}}}, "src/lyra_core/orchestration/agents/__init__.py": {"executed_lines": [3, 4, 5, 6, 7, 8, 10], "summary": {"covered_lines": 7, "num_statements": 7, "percent_covered": 100.0, "percent_covered_display": "100", "missing_lines": 0, "excluded_lines": 0, "percent_statements_covered": 100.0, "percent_statements_covered_display": "100"}, "missing_lines": [], "excluded_lines": [], "functions": {"": {"executed_lines": [3, 4, 5, 6, 7, 8, 10], "summary": {"covered_lines": 7, "num_statements": 7, "percent_covered": 100.0, "percent_covered_display": "100", "missing_lines": 0, "excluded_lines": 0, "percent_statements_covered": 100.0, "percent_statements_covered_display": "100"}, "missing_lines": [], "excluded_lines": [], "start_line": 1}}, "classes": {"": {"executed_lines": [3, 4, 5, 6, 7, 8, 10], "summary": {"covered_lines": 7, "num_statements": 7, "percent_covered": 100.0, "percent_covered_display": "100", "missing_lines": 0, "excluded_lines": 0, "percent_statements_covered": 100.0, "percent_statements_covered_display": "100"}, "missing_lines": [], "excluded_lines": [], "start_line": 1}}}, "src/lyra_core/orchestration/agents/lead_agent.py": {"executed_lines": [3, 5, 6, 8, 9, 16, 23, 26, 37, 39, 41, 43, 45, 51, 53, 55, 56, 70, 122, 128, 130, 131, 134, 146, 148, 177, 179, 202, 225, 237, 238, 241, 244, 247, 251, 252, 255, 257, 267, 269, 279, 282, 292, 303, 304, 306, 315, 317, 328, 334, 336, 345, 355, 373], "summary": {"covered_lines": 54, "num_statements": 86, "percent_covered": 62.7906976744186, "percent_covered_display": "63", "missing_lines": 32, "excluded_lines": 0, "percent_statements_covered": 62.7906976744186, "percent_statements_covered_display": "63"}, "missing_lines": [54, 57, 58, 59, 60, 62, 76, 78, 79, 82, 90, 101, 103, 120, 185, 187, 188, 190, 192, 200, 208, 210, 211, 213, 215, 223, 242, 245, 248, 283, 293, 329], "excluded_lines": [], "functions": {"LeadEngineerAgent.on_start": {"executed_lines": [39], "summary": {"covered_lines": 1, "num_statements": 1, "percent_covered": 100.0, "percent_covered_display": "100", "missing_lines": 0, "excluded_lines": 0, "percent_statements_covered": 100.0, "percent_statements_covered_display": "100"}, "missing_lines": [], "excluded_lines": [], "start_line": 37}, "LeadEngineerAgent.on_stop": {"executed_lines": [43], "summary": {"covered_lines": 1, "num_statements": 1, "percent_covered": 100.0, "percent_covered_display": "100", "missing_lines": 0, "excluded_lines": 0, "percent_statements_covered": 100.0, "percent_statements_covered_display": "100"}, "missing_lines": [], "excluded_lines": [], "start_line": 41}, "LeadEngineerAgent.on_message": {"executed_lines": [51, 53, 55, 56], "summary": {"covered_lines": 4, "num_statements": 10, "percent_covered": 40.0, "percent_covered_display": "40", "missing_lines": 6, "excluded_lines": 0, "percent_statements_covered": 40.0, "percent_statements_covered_display": "40"}, "missing_lines": [54, 57, 58, 59, 60, 62], "excluded_lines": [], "start_line": 45}, "LeadEngineerAgent._handle_review_architecture": {"executed_lines": [], "summary": {"covered_lines": 0, "num_statements": 8, "percent_covered": 0.0, "percent_covered_display": "0", "missing_lines": 8, "excluded_lines": 0, "percent_statements_covered": 0.0, "percent_statements_covered_display": "0"}, "missing_lines": [76, 78, 79, 82, 90, 101, 103, 120], "excluded_lines": [], "start_line": 70}, "LeadEngineerAgent._handle_review_code": {"executed_lines": [128, 130, 131, 134, 146, 148, 177], "summary": {"covered_lines": 7, "num_statements": 7, "percent_covered": 100.0, "percent_covered_display": "100", "missing_lines": 0, "excluded_lines": 0, "percent_statements_covered": 100.0, "percent_statements_covered_display": "100"}, "missing_lines": [], "excluded_lines": [], "start_line": 122}, "LeadEngineerAgent._handle_make_tech_decision": {"executed_lines": [], "summary": {"covered_lines": 0, "num_statements": 6, "percent_covered": 0.0, "percent_covered_display": "0", "missing_lines": 6, "excluded_lines": 0, "percent_statements_covered": 0.0, "percent_statements_covered_display": "0"}, "missing_lines": [185, 187, 188, 190, 192, 200], "excluded_lines": [], "start_line": 179}, "LeadEngineerAgent._handle_coordinate_work": {"executed_lines": [], "summary": {"covered_lines": 0, "num_statements": 6, "percent_covered": 0.0, "percent_covered_display": "0", "missing_lines": 6, "excluded_lines": 0, "percent_statements_covered": 0.0, "percent_statements_covered_display": "0"}, "missing_lines": [208, 210, 211, 213, 215, 223], "excluded_lines": [], "start_line": 202}, "LeadEngineerAgent.review_architecture": {"executed_lines": [237, 238, 241, 244, 247, 251, 252, 255, 257, 267], "summary": {"covered_lines": 10, "num_statements": 13, "percent_covered": 76.92307692307692, "percent_covered_display": "77", "missing_lines": 3, "excluded_lines": 0, "percent_statements_covered": 76.92307692307692, "percent_statements_covered_display": "77"}, "missing_lines": [242, 245, 248], "excluded_lines": [], "start_line": 225}, "LeadEngineerAgent.review_code": {"executed_lines": [279, 282, 292, 303, 304, 306, 315], "summary": {"covered_lines": 7, "num_statements": 9, "percent_covered": 77.77777777777777, "percent_covered_display": "78", "missing_lines": 2, "excluded_lines": 0, "percent_statements_covered": 77.77777777777777, "percent_statements_covered_display": "78"}, "missing_lines": [283, 293], "excluded_lines": [], "start_line": 269}, "LeadEngineerAgent.make_tech_decision": {"executed_lines": [328, 334, 336], "summary": {"covered_lines": 3, "num_statements": 4, "percent_covered": 75.0, "percent_covered_display": "75", "missing_lines": 1, "excluded_lines": 0, "percent_statements_covered": 75.0, "percent_statements_covered_display": "75"}, "missing_lines": [329], "excluded_lines": [], "start_line": 317}, "LeadEngineerAgent.coordinate_work": {"executed_lines": [355], "summary": {"covered_lines": 1, "num_statements": 1, "percent_covered": 100.0, "percent_covered_display": "100", "missing_lines": 0, "excluded_lines": 0, "percent_statements_covered": 100.0, "percent_statements_covered_display": "100"}, "missing_lines": [], "excluded_lines": [], "start_line": 345}, "": {"executed_lines": [3, 5, 6, 8, 9, 16, 23, 26, 37, 41, 45, 70, 122, 179, 202, 225, 269, 317, 345, 373], "summary": {"covered_lines": 20, "num_statements": 20, "percent_covered": 100.0, "percent_covered_display": "100", "missing_lines": 0, "excluded_lines": 0, "percent_statements_covered": 100.0, "percent_statements_covered_display": "100"}, "missing_lines": [], "excluded_lines": [], "start_line": 1}}, "classes": {"LeadEngineerAgent": {"executed_lines": [39, 43, 51, 53, 55, 56, 128, 130, 131, 134, 146, 148, 177, 237, 238, 241, 244, 247, 251, 252, 255, 257, 267, 279, 282, 292, 303, 304, 306, 315, 328, 334, 336, 355], "summary": {"covered_lines": 34, "num_statements": 66, "percent_covered": 51.515151515151516, "percent_covered_display": "52", "missing_lines": 32, "excluded_lines": 0, "percent_statements_covered": 51.515151515151516, "percent_statements_covered_display": "52"}, "missing_lines": [54, 57, 58, 59, 60, 62, 76, 78, 79, 82, 90, 101, 103, 120, 185, 187, 188, 190, 192, 200, 208, 210, 211, 213, 215, 223, 242, 245, 248, 283, 293, 329], "excluded_lines": [], "start_line": 26}, "": {"executed_lines": [3, 5, 6, 8, 9, 16, 23, 26, 37, 41, 45, 70, 122, 179, 202, 225, 269, 317, 345, 373], "summary": {"covered_lines": 20, "num_statements": 20, "percent_covered": 100.0, "percent_covered_display": "100", "missing_lines": 0, "excluded_lines": 0, "percent_statements_covered": 100.0, "percent_statements_covered_display": "100"}, "missing_lines": [], "excluded_lines": [], "start_line": 1}}}, "src/lyra_core/orchestration/agents/pm_agent.py": {"executed_lines": [3, 5, 6, 8, 9, 16, 19, 30, 32, 34, 36, 38, 44, 46, 47, 48, 50, 52, 56, 64, 70, 72, 73, 74, 77, 79, 95, 97, 145, 204, 228, 242, 244, 253, 265, 267, 268, 282, 284, 286, 298, 317, 319, 329, 337], "summary": {"covered_lines": 45, "num_statements": 70, "percent_covered": 64.28571428571429, "percent_covered_display": "64", "missing_lines": 25, "excluded_lines": 0, "percent_statements_covered": 64.28571428571429, "percent_statements_covered_display": "64"}, "missing_lines": [49, 51, 53, 103, 105, 106, 109, 120, 122, 143, 151, 153, 154, 155, 158, 168, 184, 186, 202, 210, 212, 213, 216, 218, 226], "excluded_lines": [], "functions": {"ProductManagerAgent.on_start": {"executed_lines": [32], "summary": {"covered_lines": 1, "num_statements": 1, "percent_covered": 100.0, "percent_covered_display": "100", "missing_lines": 0, "excluded_lines": 0, "percent_statements_covered": 100.0, "percent_statements_covered_display": "100"}, "missing_lines": [], "excluded_lines": [], "start_line": 30}, "ProductManagerAgent.on_stop": {"executed_lines": [36], "summary": {"covered_lines": 1, "num_statements": 1, "percent_covered": 100.0, "percent_covered_display": "100", "missing_lines": 0, "excluded_lines": 0, "percent_statements_covered": 100.0, "percent_statements_covered_display": "100"}, "missing_lines": [], "excluded_lines": [], "start_line": 34}, "ProductManagerAgent.on_message": {"executed_lines": [44, 46, 47, 48, 50, 52, 56], "summary": {"covered_lines": 7, "num_statements": 10, "percent_covered": 70.0, "percent_covered_display": "70", "missing_lines": 3, "excluded_lines": 0, "percent_statements_covered": 70.0, "percent_statements_covered_display": "70"}, "missing_lines": [49, 51, 53], "excluded_lines": [], "start_line": 38}, "ProductManagerAgent._handle_gather_requirements": {"executed_lines": [70, 72, 73, 74, 77, 79, 95], "summary": {"covered_lines": 7, "num_statements": 7, "percent_covered": 100.0, "percent_covered_display": "100", "missing_lines": 0, "excluded_lines": 0, "percent_statements_covered": 100.0, "percent_statements_covered_display": "100"}, "missing_lines": [], "excluded_lines": [], "start_line": 64}, "ProductManagerAgent._handle_create_user_stories": {"executed_lines": [], "summary": {"covered_lines": 0, "num_statements": 7, "percent_covered": 0.0, "percent_covered_display": "0", "missing_lines": 7, "excluded_lines": 0, "percent_statements_covered": 0.0, "percent_statements_covered_display": "0"}, "missing_lines": [103, 105, 106, 109, 120, 122, 143], "excluded_lines": [], "start_line": 97}, "ProductManagerAgent._handle_generate_prd": {"executed_lines": [], "summary": {"covered_lines": 0, "num_statements": 9, "percent_covered": 0.0, "percent_covered_display": "0", "missing_lines": 9, "excluded_lines": 0, "percent_statements_covered": 0.0, "percent_statements_covered_display": "0"}, "missing_lines": [151, 153, 154, 155, 158, 168, 184, 186, 202], "excluded_lines": [], "start_line": 145}, "ProductManagerAgent._handle_review_design": {"executed_lines": [], "summary": {"covered_lines": 0, "num_statements": 6, "percent_covered": 0.0, "percent_covered_display": "0", "missing_lines": 6, "excluded_lines": 0, "percent_statements_covered": 0.0, "percent_statements_covered_display": "0"}, "missing_lines": [210, 212, 213, 216, 218, 226], "excluded_lines": [], "start_line": 204}, "ProductManagerAgent.gather_requirements": {"executed_lines": [242, 244], "summary": {"covered_lines": 2, "num_statements": 2, "percent_covered": 100.0, "percent_covered_display": "100", "missing_lines": 0, "excluded_lines": 0, "percent_statements_covered": 100.0, "percent_statements_covered_display": "100"}, "missing_lines": [], "excluded_lines": [], "start_line": 228}, "ProductManagerAgent.create_user_stories": {"executed_lines": [265, 267, 268, 282, 284], "summary": {"covered_lines": 5, "num_statements": 5, "percent_covered": 100.0, "percent_covered_display": "100", "missing_lines": 0, "excluded_lines": 0, "percent_statements_covered": 100.0, "percent_statements_covered_display": "100"}, "missing_lines": [], "excluded_lines": [], "start_line": 253}, "ProductManagerAgent.generate_prd": {"executed_lines": [298, 317], "summary": {"covered_lines": 2, "num_statements": 2, "percent_covered": 100.0, "percent_covered_display": "100", "missing_lines": 0, "excluded_lines": 0, "percent_statements_covered": 100.0, "percent_statements_covered_display": "100"}, "missing_lines": [], "excluded_lines": [], "start_line": 286}, "ProductManagerAgent.review_design": {"executed_lines": [329], "summary": {"covered_lines": 1, "num_statements": 1, "percent_covered": 100.0, "percent_covered_display": "100", "missing_lines": 0, "excluded_lines": 0, "percent_statements_covered": 100.0, "percent_statements_covered_display": "100"}, "missing_lines": [], "excluded_lines": [], "start_line": 319}, "": {"executed_lines": [3, 5, 6, 8, 9, 16, 19, 30, 34, 38, 64, 97, 145, 204, 228, 253, 286, 319, 337], "summary": {"covered_lines": 19, "num_statements": 19, "percent_covered": 100.0, "percent_covered_display": "100", "missing_lines": 0, "excluded_lines": 0, "percent_statements_covered": 100.0, "percent_statements_covered_display": "100"}, "missing_lines": [], "excluded_lines": [], "start_line": 1}}, "classes": {"ProductManagerAgent": {"executed_lines": [32, 36, 44, 46, 47, 48, 50, 52, 56, 70, 72, 73, 74, 77, 79, 95, 242, 244, 265, 267, 268, 282, 284, 298, 317, 329], "summary": {"covered_lines": 26, "num_statements": 51, "percent_covered": 50.98039215686274, "percent_covered_display": "51", "missing_lines": 25, "excluded_lines": 0, "percent_statements_covered": 50.98039215686274, "percent_statements_covered_display": "51"}, "missing_lines": [49, 51, 53, 103, 105, 106, 109, 120, 122, 143, 151, 153, 154, 155, 158, 168, 184, 186, 202, 210, 212, 213, 216, 218, 226], "excluded_lines": [], "start_line": 19}, "": {"executed_lines": [3, 5, 6, 8, 9, 16, 19, 30, 34, 38, 64, 97, 145, 204, 228, 253, 286, 319, 337], "summary": {"covered_lines": 19, "num_statements": 19, "percent_covered": 100.0, "percent_covered_display": "100", "missing_lines": 0, "excluded_lines": 0, "percent_statements_covered": 100.0, "percent_statements_covered_display": "100"}, "missing_lines": [], "excluded_lines": [], "start_line": 1}}}, "src/lyra_core/orchestration/agents/principal_agent.py": {"executed_lines": [3, 5, 6, 8, 9, 16, 17, 20, 31, 33, 35, 37, 39, 45, 47, 48, 49, 51, 53, 56, 64, 70, 72, 73, 75, 85, 87, 112, 114, 153, 206, 259, 269, 272, 275, 290, 292, 302, 310, 312, 321, 336, 338, 347, 367, 370], "summary": {"covered_lines": 46, "num_statements": 72, "percent_covered": 63.888888888888886, "percent_covered_display": "64", "missing_lines": 26, "excluded_lines": 0, "percent_statements_covered": 63.888888888888886, "percent_statements_covered_display": "64"}, "missing_lines": [50, 52, 54, 120, 122, 123, 125, 135, 137, 151, 159, 161, 162, 165, 173, 184, 186, 204, 212, 214, 215, 218, 226, 237, 239, 257], "excluded_lines": [], "functions": {"PrincipalEngineerAgent.on_start": {"executed_lines": [33], "summary": {"covered_lines": 1, "num_statements": 1, "percent_covered": 100.0, "percent_covered_display": "100", "missing_lines": 0, "excluded_lines": 0, "percent_statements_covered": 100.0, "percent_statements_covered_display": "100"}, "missing_lines": [], "excluded_lines": [], "start_line": 31}, "PrincipalEngineerAgent.on_stop": {"executed_lines": [37], "summary": {"covered_lines": 1, "num_statements": 1, "percent_covered": 100.0, "percent_covered_display": "100", "missing_lines": 0, "excluded_lines": 0, "percent_statements_covered": 100.0, "percent_statements_covered_display": "100"}, "missing_lines": [], "excluded_lines": [], "start_line": 35}, "PrincipalEngineerAgent.on_message": {"executed_lines": [45, 47, 48, 49, 51, 53, 56], "summary": {"covered_lines": 7, "num_statements": 10, "percent_covered": 70.0, "percent_covered_display": "70", "missing_lines": 3, "excluded_lines": 0, "percent_statements_covered": 70.0, "percent_statements_covered_display": "70"}, "missing_lines": [50, 52, 54], "excluded_lines": [], "start_line": 39}, "PrincipalEngineerAgent._handle_design_architecture": {"executed_lines": [70, 72, 73, 75, 85, 87, 112], "summary": {"covered_lines": 7, "num_statements": 7, "percent_covered": 100.0, "percent_covered_display": "100", "missing_lines": 0, "excluded_lines": 0, "percent_statements_covered": 100.0, "percent_statements_covered_display": "100"}, "missing_lines": [], "excluded_lines": [], "start_line": 64}, "PrincipalEngineerAgent._handle_select_tech_stack": {"executed_lines": [], "summary": {"covered_lines": 0, "num_statements": 7, "percent_covered": 0.0, "percent_covered_display": "0", "missing_lines": 7, "excluded_lines": 0, "percent_statements_covered": 0.0, "percent_statements_covered_display": "0"}, "missing_lines": [120, 122, 123, 125, 135, 137, 151], "excluded_lines": [], "start_line": 114}, "PrincipalEngineerAgent._handle_design_scalability": {"executed_lines": [], "summary": {"covered_lines": 0, "num_statements": 8, "percent_covered": 0.0, "percent_covered_display": "0", "missing_lines": 8, "excluded_lines": 0, "percent_statements_covered": 0.0, "percent_statements_covered_display": "0"}, "missing_lines": [159, 161, 162, 165, 173, 184, 186, 204], "excluded_lines": [], "start_line": 153}, "PrincipalEngineerAgent._handle_create_tech_spec": {"executed_lines": [], "summary": {"covered_lines": 0, "num_statements": 8, "percent_covered": 0.0, "percent_covered_display": "0", "missing_lines": 8, "excluded_lines": 0, "percent_statements_covered": 0.0, "percent_statements_covered_display": "0"}, "missing_lines": [212, 214, 215, 218, 226, 237, 239, 257], "excluded_lines": [], "start_line": 206}, "PrincipalEngineerAgent.design_architecture": {"executed_lines": [269, 272, 275, 290], "summary": {"covered_lines": 4, "num_statements": 4, "percent_covered": 100.0, "percent_covered_display": "100", "missing_lines": 0, "excluded_lines": 0, "percent_statements_covered": 100.0, "percent_statements_covered_display": "100"}, "missing_lines": [], "excluded_lines": [], "start_line": 259}, "PrincipalEngineerAgent.select_tech_stack": {"executed_lines": [302, 310], "summary": {"covered_lines": 2, "num_statements": 2, "percent_covered": 100.0, "percent_covered_display": "100", "missing_lines": 0, "excluded_lines": 0, "percent_statements_covered": 100.0, "percent_statements_covered_display": "100"}, "missing_lines": [], "excluded_lines": [], "start_line": 292}, "PrincipalEngineerAgent.design_scalability": {"executed_lines": [321, 336], "summary": {"covered_lines": 2, "num_statements": 2, "percent_covered": 100.0, "percent_covered_display": "100", "missing_lines": 0, "excluded_lines": 0, "percent_statements_covered": 100.0, "percent_statements_covered_display": "100"}, "missing_lines": [], "excluded_lines": [], "start_line": 312}, "PrincipalEngineerAgent.create_tech_spec": {"executed_lines": [347, 367], "summary": {"covered_lines": 2, "num_statements": 2, "percent_covered": 100.0, "percent_covered_display": "100", "missing_lines": 0, "excluded_lines": 0, "percent_statements_covered": 100.0, "percent_statements_covered_display": "100"}, "missing_lines": [], "excluded_lines": [], "start_line": 338}, "": {"executed_lines": [3, 5, 6, 8, 9, 16, 17, 20, 31, 35, 39, 64, 114, 153, 206, 259, 292, 312, 338, 370], "summary": {"covered_lines": 20, "num_statements": 20, "percent_covered": 100.0, "percent_covered_display": "100", "missing_lines": 0, "excluded_lines": 0, "percent_statements_covered": 100.0, "percent_statements_covered_display": "100"}, "missing_lines": [], "excluded_lines": [], "start_line": 1}}, "classes": {"PrincipalEngineerAgent": {"executed_lines": [33, 37, 45, 47, 48, 49, 51, 53, 56, 70, 72, 73, 75, 85, 87, 112, 269, 272, 275, 290, 302, 310, 321, 336, 347, 367], "summary": {"covered_lines": 26, "num_statements": 52, "percent_covered": 50.0, "percent_covered_display": "50", "missing_lines": 26, "excluded_lines": 0, "percent_statements_covered": 50.0, "percent_statements_covered_display": "50"}, "missing_lines": [50, 52, 54, 120, 122, 123, 125, 135, 137, 151, 159, 161, 162, 165, 173, 184, 186, 204, 212, 214, 215, 218, 226, 237, 239, 257], "excluded_lines": [], "start_line": 20}, "": {"executed_lines": [3, 5, 6, 8, 9, 16, 17, 20, 31, 35, 39, 64, 114, 153, 206, 259, 292, 312, 338, 370], "summary": {"covered_lines": 20, "num_statements": 20, "percent_covered": 100.0, "percent_covered_display": "100", "missing_lines": 0, "excluded_lines": 0, "percent_statements_covered": 100.0, "percent_statements_covered_display": "100"}, "missing_lines": [], "excluded_lines": [], "start_line": 1}}}, "src/lyra_core/orchestration/agents/qa_agent.py": {"executed_lines": [3, 5, 6, 8, 9, 10, 19, 22, 33, 35, 37, 39, 41, 47, 49, 50, 66, 72, 74, 75, 77, 87, 89, 105, 107, 141, 196, 247, 257, 260, 261, 263, 272, 274, 285, 288, 289, 297, 300, 308, 310, 312, 323, 325, 327, 332, 335, 337, 343, 345, 354, 355, 358, 361, 362, 367, 370, 371, 374, 377, 379, 388, 391], "summary": {"covered_lines": 63, "num_statements": 92, "percent_covered": 68.47826086956522, "percent_covered_display": "68", "missing_lines": 29, "excluded_lines": 0, "percent_statements_covered": 68.47826086956522, "percent_statements_covered_display": "68"}, "missing_lines": [51, 52, 53, 54, 55, 56, 58, 113, 115, 116, 118, 120, 139, 147, 149, 150, 153, 166, 168, 194, 202, 204, 205, 208, 228, 230, 245, 359, 368], "excluded_lines": [], "functions": {"QAEngineerAgent.on_start": {"executed_lines": [35], "summary": {"covered_lines": 1, "num_statements": 1, "percent_covered": 100.0, "percent_covered_display": "100", "missing_lines": 0, "excluded_lines": 0, "percent_statements_covered": 100.0, "percent_statements_covered_display": "100"}, "missing_lines": [], "excluded_lines": [], "start_line": 33}, "QAEngineerAgent.on_stop": {"executed_lines": [39], "summary": {"covered_lines": 1, "num_statements": 1, "percent_covered": 100.0, "percent_covered_display": "100", "missing_lines": 0, "excluded_lines": 0, "percent_statements_covered": 100.0, "percent_statements_covered_display": "100"}, "missing_lines": [], "excluded_lines": [], "start_line": 37}, "QAEngineerAgent.on_message": {"executed_lines": [47, 49, 50], "summary": {"covered_lines": 3, "num_statements": 10, "percent_covered": 30.0, "percent_covered_display": "30", "missing_lines": 7, "excluded_lines": 0, "percent_statements_covered": 30.0, "percent_statements_covered_display": "30"}, "missing_lines": [51, 52, 53, 54, 55, 56, 58], "excluded_lines": [], "start_line": 41}, "QAEngineerAgent._handle_create_test_strategy": {"executed_lines": [72, 74, 75, 77, 87, 89, 105], "summary": {"covered_lines": 7, "num_statements": 7, "percent_covered": 100.0, "percent_covered_display": "100", "missing_lines": 0, "excluded_lines": 0, "percent_statements_covered": 100.0, "percent_statements_covered_display": "100"}, "missing_lines": [], "excluded_lines": [], "start_line": 66}, "QAEngineerAgent._handle_write_tests": {"executed_lines": [], "summary": {"covered_lines": 0, "num_statements": 6, "percent_covered": 0.0, "percent_covered_display": "0", "missing_lines": 6, "excluded_lines": 0, "percent_statements_covered": 0.0, "percent_statements_covered_display": "0"}, "missing_lines": [113, 115, 116, 118, 120, 139], "excluded_lines": [], "start_line": 107}, "QAEngineerAgent._handle_run_tests": {"executed_lines": [], "summary": {"covered_lines": 0, "num_statements": 7, "percent_covered": 0.0, "percent_covered_display": "0", "missing_lines": 7, "excluded_lines": 0, "percent_statements_covered": 0.0, "percent_statements_covered_display": "0"}, "missing_lines": [147, 149, 150, 153, 166, 168, 194], "excluded_lines": [], "start_line": 141}, "QAEngineerAgent._handle_verify_quality_gates": {"executed_lines": [], "summary": {"covered_lines": 0, "num_statements": 7, "percent_covered": 0.0, "percent_covered_display": "0", "missing_lines": 7, "excluded_lines": 0, "percent_statements_covered": 0.0, "percent_statements_covered_display": "0"}, "missing_lines": [202, 204, 205, 208, 228, 230, 245], "excluded_lines": [], "start_line": 196}, "QAEngineerAgent.create_test_strategy": {"executed_lines": [257, 260, 261, 263, 272], "summary": {"covered_lines": 5, "num_statements": 5, "percent_covered": 100.0, "percent_covered_display": "100", "missing_lines": 0, "excluded_lines": 0, "percent_statements_covered": 100.0, "percent_statements_covered_display": "100"}, "missing_lines": [], "excluded_lines": [], "start_line": 247}, "QAEngineerAgent.write_tests": {"executed_lines": [285, 288, 289, 297, 300, 308, 310], "summary": {"covered_lines": 7, "num_statements": 7, "percent_covered": 100.0, "percent_covered_display": "100", "missing_lines": 0, "excluded_lines": 0, "percent_statements_covered": 100.0, "percent_statements_covered_display": "100"}, "missing_lines": [], "excluded_lines": [], "start_line": 274}, "QAEngineerAgent.run_tests": {"executed_lines": [323, 325, 327, 332, 335, 337, 343], "summary": {"covered_lines": 7, "num_statements": 7, "percent_covered": 100.0, "percent_covered_display": "100", "missing_lines": 0, "excluded_lines": 0, "percent_statements_covered": 100.0, "percent_statements_covered_display": "100"}, "missing_lines": [], "excluded_lines": [], "start_line": 312}, "QAEngineerAgent.verify_quality_gates": {"executed_lines": [354, 355, 358, 361, 362, 367, 370, 371, 374, 377, 379, 388], "summary": {"covered_lines": 12, "num_statements": 14, "percent_covered": 85.71428571428571, "percent_covered_display": "86", "missing_lines": 2, "excluded_lines": 0, "percent_statements_covered": 85.71428571428571, "percent_statements_covered_display": "86"}, "missing_lines": [359, 368], "excluded_lines": [], "start_line": 345}, "": {"executed_lines": [3, 5, 6, 8, 9, 10, 19, 22, 33, 37, 41, 66, 107, 141, 196, 247, 274, 312, 345, 391], "summary": {"covered_lines": 20, "num_statements": 20, "percent_covered": 100.0, "percent_covered_display": "100", "missing_lines": 0, "excluded_lines": 0, "percent_statements_covered": 100.0, "percent_statements_covered_display": "100"}, "missing_lines": [], "excluded_lines": [], "start_line": 1}}, "classes": {"QAEngineerAgent": {"executed_lines": [35, 39, 47, 49, 50, 72, 74, 75, 77, 87, 89, 105, 257, 260, 261, 263, 272, 285, 288, 289, 297, 300, 308, 310, 323, 325, 327, 332, 335, 337, 343, 354, 355, 358, 361, 362, 367, 370, 371, 374, 377, 379, 388], "summary": {"covered_lines": 43, "num_statements": 72, "percent_covered": 59.72222222222222, "percent_covered_display": "60", "missing_lines": 29, "excluded_lines": 0, "percent_statements_covered": 59.72222222222222, "percent_statements_covered_display": "60"}, "missing_lines": [51, 52, 53, 54, 55, 56, 58, 113, 115, 116, 118, 120, 139, 147, 149, 150, 153, 166, 168, 194, 202, 204, 205, 208, 228, 230, 245, 359, 368], "excluded_lines": [], "start_line": 22}, "": {"executed_lines": [3, 5, 6, 8, 9, 10, 19, 22, 33, 37, 41, 66, 107, 141, 196, 247, 274, 312, 345, 391], "summary": {"covered_lines": 20, "num_statements": 20, "percent_covered": 100.0, "percent_covered_display": "100", "missing_lines": 0, "excluded_lines": 0, "percent_statements_covered": 100.0, "percent_statements_covered_display": "100"}, "missing_lines": [], "excluded_lines": [], "start_line": 1}}}, "src/lyra_core/orchestration/agents/research_agent.py": {"executed_lines": [3, 5, 6, 8, 9, 17, 20, 31, 33, 35, 37, 39, 45, 47, 48, 49, 50, 51, 52, 53, 56, 64, 70, 72, 73, 75, 77, 99, 101, 107, 109, 110, 112, 114, 138, 140, 146, 148, 149, 151, 153, 175, 177, 208, 218, 221, 222, 233, 235, 237, 247, 250, 251, 264, 266, 268, 279, 281, 283, 284, 286, 308, 310, 312, 321, 324, 325, 342, 343, 362, 363, 380, 400, 403], "summary": {"covered_lines": 74, "num_statements": 81, "percent_covered": 91.35802469135803, "percent_covered_display": "91", "missing_lines": 7, "excluded_lines": 0, "percent_statements_covered": 91.35802469135803, "percent_statements_covered_display": "91"}, "missing_lines": [54, 183, 185, 186, 188, 190, 206], "excluded_lines": [], "functions": {"ResearchAgent.on_start": {"executed_lines": [33], "summary": {"covered_lines": 1, "num_statements": 1, "percent_covered": 100.0, "percent_covered_display": "100", "missing_lines": 0, "excluded_lines": 0, "percent_statements_covered": 100.0, "percent_statements_covered_display": "100"}, "missing_lines": [], "excluded_lines": [], "start_line": 31}, "ResearchAgent.on_stop": {"executed_lines": [37], "summary": {"covered_lines": 1, "num_statements": 1, "percent_covered": 100.0, "percent_covered_display": "100", "missing_lines": 0, "excluded_lines": 0, "percent_statements_covered": 100.0, "percent_statements_covered_display": "100"}, "missing_lines": [], "excluded_lines": [], "start_line": 35}, "ResearchAgent.on_message": {"executed_lines": [45, 47, 48, 49, 50, 51, 52, 53, 56], "summary": {"covered_lines": 9, "num_statements": 10, "percent_covered": 90.0, "percent_covered_display": "90", "missing_lines": 1, "excluded_lines": 0, "percent_statements_covered": 90.0, "percent_statements_covered_display": "90"}, "missing_lines": [54], "excluded_lines": [], "start_line": 39}, "ResearchAgent._handle_search_papers": {"executed_lines": [70, 72, 73, 75, 77, 99], "summary": {"covered_lines": 6, "num_statements": 6, "percent_covered": 100.0, "percent_covered_display": "100", "missing_lines": 0, "excluded_lines": 0, "percent_statements_covered": 100.0, "percent_statements_covered_display": "100"}, "missing_lines": [], "excluded_lines": [], "start_line": 64}, "ResearchAgent._handle_analyze_github_repos": {"executed_lines": [107, 109, 110, 112, 114, 138], "summary": {"covered_lines": 6, "num_statements": 6, "percent_covered": 100.0, "percent_covered_display": "100", "missing_lines": 0, "excluded_lines": 0, "percent_statements_covered": 100.0, "percent_statements_covered_display": "100"}, "missing_lines": [], "excluded_lines": [], "start_line": 101}, "ResearchAgent._handle_evaluate_projects": {"executed_lines": [146, 148, 149, 151, 153, 175], "summary": {"covered_lines": 6, "num_statements": 6, "percent_covered": 100.0, "percent_covered_display": "100", "missing_lines": 0, "excluded_lines": 0, "percent_statements_covered": 100.0, "percent_statements_covered_display": "100"}, "missing_lines": [], "excluded_lines": [], "start_line": 140}, "ResearchAgent._handle_synthesize_findings": {"executed_lines": [], "summary": {"covered_lines": 0, "num_statements": 6, "percent_covered": 0.0, "percent_covered_display": "0", "missing_lines": 6, "excluded_lines": 0, "percent_statements_covered": 0.0, "percent_statements_covered_display": "0"}, "missing_lines": [183, 185, 186, 188, 190, 206], "excluded_lines": [], "start_line": 177}, "ResearchAgent.search_papers": {"executed_lines": [218, 221, 222, 233, 235], "summary": {"covered_lines": 5, "num_statements": 5, "percent_covered": 100.0, "percent_covered_display": "100", "missing_lines": 0, "excluded_lines": 0, "percent_statements_covered": 100.0, "percent_statements_covered_display": "100"}, "missing_lines": [], "excluded_lines": [], "start_line": 208}, "ResearchAgent.analyze_github_repos": {"executed_lines": [247, 250, 251, 264, 266], "summary": {"covered_lines": 5, "num_statements": 5, "percent_covered": 100.0, "percent_covered_display": "100", "missing_lines": 0, "excluded_lines": 0, "percent_statements_covered": 100.0, "percent_statements_covered_display": "100"}, "missing_lines": [], "excluded_lines": [], "start_line": 237}, "ResearchAgent.evaluate_projects": {"executed_lines": [279, 281, 283, 284, 286, 308, 310], "summary": {"covered_lines": 7, "num_statements": 7, "percent_covered": 100.0, "percent_covered_display": "100", "missing_lines": 0, "excluded_lines": 0, "percent_statements_covered": 100.0, "percent_statements_covered_display": "100"}, "missing_lines": [], "excluded_lines": [], "start_line": 268}, "ResearchAgent.synthesize_findings": {"executed_lines": [321, 324, 325, 342, 343, 362, 363, 380, 400], "summary": {"covered_lines": 9, "num_statements": 9, "percent_covered": 100.0, "percent_covered_display": "100", "missing_lines": 0, "excluded_lines": 0, "percent_statements_covered": 100.0, "percent_statements_covered_display": "100"}, "missing_lines": [], "excluded_lines": [], "start_line": 312}, "": {"executed_lines": [3, 5, 6, 8, 9, 17, 20, 31, 35, 39, 64, 101, 140, 177, 208, 237, 268, 312, 403], "summary": {"covered_lines": 19, "num_statements": 19, "percent_covered": 100.0, "percent_covered_display": "100", "missing_lines": 0, "excluded_lines": 0, "percent_statements_covered": 100.0, "percent_statements_covered_display": "100"}, "missing_lines": [], "excluded_lines": [], "start_line": 1}}, "classes": {"ResearchAgent": {"executed_lines": [33, 37, 45, 47, 48, 49, 50, 51, 52, 53, 56, 70, 72, 73, 75, 77, 99, 107, 109, 110, 112, 114, 138, 146, 148, 149, 151, 153, 175, 218, 221, 222, 233, 235, 247, 250, 251, 264, 266, 279, 281, 283, 284, 286, 308, 310, 321, 324, 325, 342, 343, 362, 363, 380, 400], "summary": {"covered_lines": 55, "num_statements": 62, "percent_covered": 88.70967741935483, "percent_covered_display": "89", "missing_lines": 7, "excluded_lines": 0, "percent_statements_covered": 88.70967741935483, "percent_statements_covered_display": "89"}, "missing_lines": [54, 183, 185, 186, 188, 190, 206], "excluded_lines": [], "start_line": 20}, "": {"executed_lines": [3, 5, 6, 8, 9, 17, 20, 31, 35, 39, 64, 101, 140, 177, 208, 237, 268, 312, 403], "summary": {"covered_lines": 19, "num_statements": 19, "percent_covered": 100.0, "percent_covered_display": "100", "missing_lines": 0, "excluded_lines": 0, "percent_statements_covered": 100.0, "percent_statements_covered_display": "100"}, "missing_lines": [], "excluded_lines": [], "start_line": 1}}}, "src/lyra_core/orchestration/agents/spec_agent.py": {"executed_lines": [3, 5, 6, 8, 9, 16, 19, 30, 32, 34, 36, 38, 44, 46, 47, 48, 49, 50, 52, 55, 63, 69, 71, 72, 74, 76, 93, 95, 101, 103, 104, 106, 108, 127, 129, 152, 185, 196, 223, 225, 235, 247, 249, 261, 263, 264, 278, 280, 282, 291, 292, 295, 296, 298, 299, 302, 303, 304, 307, 309, 320, 323], "summary": {"covered_lines": 62, "num_statements": 76, "percent_covered": 81.57894736842105, "percent_covered_display": "82", "missing_lines": 14, "excluded_lines": 0, "percent_statements_covered": 81.57894736842105, "percent_statements_covered_display": "82"}, "missing_lines": [51, 53, 135, 137, 138, 140, 142, 150, 158, 160, 161, 163, 165, 183], "excluded_lines": [], "functions": {"SpecKitSpecialistAgent.on_start": {"executed_lines": [32], "summary": {"covered_lines": 1, "num_statements": 1, "percent_covered": 100.0, "percent_covered_display": "100", "missing_lines": 0, "excluded_lines": 0, "percent_statements_covered": 100.0, "percent_statements_covered_display": "100"}, "missing_lines": [], "excluded_lines": [], "start_line": 30}, "SpecKitSpecialistAgent.on_stop": {"executed_lines": [36], "summary": {"covered_lines": 1, "num_statements": 1, "percent_covered": 100.0, "percent_covered_display": "100", "missing_lines": 0, "excluded_lines": 0, "percent_statements_covered": 100.0, "percent_statements_covered_display": "100"}, "missing_lines": [], "excluded_lines": [], "start_line": 34}, "SpecKitSpecialistAgent.on_message": {"executed_lines": [44, 46, 47, 48, 49, 50, 52, 55], "summary": {"covered_lines": 8, "num_statements": 10, "percent_covered": 80.0, "percent_covered_display": "80", "missing_lines": 2, "excluded_lines": 0, "percent_statements_covered": 80.0, "percent_statements_covered_display": "80"}, "missing_lines": [51, 53], "excluded_lines": [], "start_line": 38}, "SpecKitSpecialistAgent._handle_write_api_docs": {"executed_lines": [69, 71, 72, 74, 76, 93], "summary": {"covered_lines": 6, "num_statements": 6, "percent_covered": 100.0, "percent_covered_display": "100", "missing_lines": 0, "excluded_lines": 0, "percent_statements_covered": 100.0, "percent_statements_covered_display": "100"}, "missing_lines": [], "excluded_lines": [], "start_line": 63}, "SpecKitSpecialistAgent._handle_create_spec": {"executed_lines": [101, 103, 104, 106, 108, 127], "summary": {"covered_lines": 6, "num_statements": 6, "percent_covered": 100.0, "percent_covered_display": "100", "missing_lines": 0, "excluded_lines": 0, "percent_statements_covered": 100.0, "percent_statements_covered_display": "100"}, "missing_lines": [], "excluded_lines": [], "start_line": 95}, "SpecKitSpecialistAgent._handle_generate_contracts": {"executed_lines": [], "summary": {"covered_lines": 0, "num_statements": 6, "percent_covered": 0.0, "percent_covered_display": "0", "missing_lines": 6, "excluded_lines": 0, "percent_statements_covered": 0.0, "percent_statements_covered_display": "0"}, "missing_lines": [135, 137, 138, 140, 142, 150], "excluded_lines": [], "start_line": 129}, "SpecKitSpecialistAgent._handle_review_docs": {"executed_lines": [], "summary": {"covered_lines": 0, "num_statements": 6, "percent_covered": 0.0, "percent_covered_display": "0", "missing_lines": 6, "excluded_lines": 0, "percent_statements_covered": 0.0, "percent_statements_covered_display": "0"}, "missing_lines": [158, 160, 161, 163, 165, 183], "excluded_lines": [], "start_line": 152}, "SpecKitSpecialistAgent.write_api_docs": {"executed_lines": [196, 223], "summary": {"covered_lines": 2, "num_statements": 2, "percent_covered": 100.0, "percent_covered_display": "100", "missing_lines": 0, "excluded_lines": 0, "percent_statements_covered": 100.0, "percent_statements_covered_display": "100"}, "missing_lines": [], "excluded_lines": [], "start_line": 185}, "SpecKitSpecialistAgent.create_spec": {"executed_lines": [235, 247], "summary": {"covered_lines": 2, "num_statements": 2, "percent_covered": 100.0, "percent_covered_display": "100", "missing_lines": 0, "excluded_lines": 0, "percent_statements_covered": 100.0, "percent_statements_covered_display": "100"}, "missing_lines": [], "excluded_lines": [], "start_line": 225}, "SpecKitSpecialistAgent.generate_contracts": {"executed_lines": [261, 263, 264, 278, 280], "summary": {"covered_lines": 5, "num_statements": 5, "percent_covered": 100.0, "percent_covered_display": "100", "missing_lines": 0, "excluded_lines": 0, "percent_statements_covered": 100.0, "percent_statements_covered_display": "100"}, "missing_lines": [], "excluded_lines": [], "start_line": 249}, "SpecKitSpecialistAgent.review_docs": {"executed_lines": [291, 292, 295, 296, 298, 299, 302, 303, 304, 307, 309, 320], "summary": {"covered_lines": 12, "num_statements": 12, "percent_covered": 100.0, "percent_covered_display": "100", "missing_lines": 0, "excluded_lines": 0, "percent_statements_covered": 100.0, "percent_statements_covered_display": "100"}, "missing_lines": [], "excluded_lines": [], "start_line": 282}, "": {"executed_lines": [3, 5, 6, 8, 9, 16, 19, 30, 34, 38, 63, 95, 129, 152, 185, 225, 249, 282, 323], "summary": {"covered_lines": 19, "num_statements": 19, "percent_covered": 100.0, "percent_covered_display": "100", "missing_lines": 0, "excluded_lines": 0, "percent_statements_covered": 100.0, "percent_statements_covered_display": "100"}, "missing_lines": [], "excluded_lines": [], "start_line": 1}}, "classes": {"SpecKitSpecialistAgent": {"executed_lines": [32, 36, 44, 46, 47, 48, 49, 50, 52, 55, 69, 71, 72, 74, 76, 93, 101, 103, 104, 106, 108, 127, 196, 223, 235, 247, 261, 263, 264, 278, 280, 291, 292, 295, 296, 298, 299, 302, 303, 304, 307, 309, 320], "summary": {"covered_lines": 43, "num_statements": 57, "percent_covered": 75.43859649122807, "percent_covered_display": "75", "missing_lines": 14, "excluded_lines": 0, "percent_statements_covered": 75.43859649122807, "percent_statements_covered_display": "75"}, "missing_lines": [51, 53, 135, 137, 138, 140, 142, 150, 158, 160, 161, 163, 165, 183], "excluded_lines": [], "start_line": 19}, "": {"executed_lines": [3, 5, 6, 8, 9, 16, 19, 30, 34, 38, 63, 95, 129, 152, 185, 225, 249, 282, 323], "summary": {"covered_lines": 19, "num_statements": 19, "percent_covered": 100.0, "percent_covered_display": "100", "missing_lines": 0, "excluded_lines": 0, "percent_statements_covered": 100.0, "percent_statements_covered_display": "100"}, "missing_lines": [], "excluded_lines": [], "start_line": 1}}}, "src/lyra_core/orchestration/message_bus.py": {"executed_lines": [7, 9, 10, 11, 12, 14, 17, 24, 25, 33, 34, 43, 44, 52, 53, 76, 77, 87, 94, 96, 97, 98, 100, 109, 111, 112, 113, 114, 115, 116, 119, 120, 121, 122, 123, 126, 127, 129, 139, 140, 141, 142, 145, 147, 160, 161, 162, 163, 164, 165, 170, 176, 177, 178, 180, 202, 210, 211, 212, 215, 218, 219, 220, 221, 222, 223, 224, 228, 235, 243, 245, 251, 252, 254, 259, 260, 261, 264], "summary": {"covered_lines": 78, "num_statements": 85, "percent_covered": 91.76470588235294, "percent_covered_display": "92", "missing_lines": 7, "excluded_lines": 0, "percent_statements_covered": 91.76470588235294, "percent_statements_covered_display": "92"}, "missing_lines": [31, 41, 50, 74, 84, 166, 168], "excluded_lines": [], "functions": {"MessageBus.publish": {"executed_lines": [], "summary": {"covered_lines": 0, "num_statements": 1, "percent_covered": 0.0, "percent_covered_display": "0", "missing_lines": 1, "excluded_lines": 0, "percent_statements_covered": 0.0, "percent_statements_covered_display": "0"}, "missing_lines": [31], "excluded_lines": [], "start_line": 25}, "MessageBus.subscribe": {"executed_lines": [], "summary": {"covered_lines": 0, "num_statements": 1, "percent_covered": 0.0, "percent_covered_display": "0", "missing_lines": 1, "excluded_lines": 0, "percent_statements_covered": 0.0, "percent_statements_covered_display": "0"}, "missing_lines": [41], "excluded_lines": [], "start_line": 34}, "MessageBus.unsubscribe": {"executed_lines": [], "summary": {"covered_lines": 0, "num_statements": 1, "percent_covered": 0.0, "percent_covered_display": "0", "missing_lines": 1, "excluded_lines": 0, "percent_statements_covered": 0.0, "percent_statements_covered_display": "0"}, "missing_lines": [50], "excluded_lines": [], "start_line": 44}, "MessageBus.request": {"executed_lines": [], "summary": {"covered_lines": 0, "num_statements": 1, "percent_covered": 0.0, "percent_covered_display": "0", "missing_lines": 1, "excluded_lines": 0, "percent_statements_covered": 0.0, "percent_statements_covered_display": "0"}, "missing_lines": [74], "excluded_lines": [], "start_line": 53}, "MessageBus.respond": {"executed_lines": [], "summary": {"covered_lines": 0, "num_statements": 1, "percent_covered": 0.0, "percent_covered_display": "0", "missing_lines": 1, "excluded_lines": 0, "percent_statements_covered": 0.0, "percent_statements_covered_display": "0"}, "missing_lines": [84], "excluded_lines": [], "start_line": 77}, "InMemoryMessageBus.__init__": {"executed_lines": [96, 97, 98], "summary": {"covered_lines": 3, "num_statements": 3, "percent_covered": 100.0, "percent_covered_display": "100", "missing_lines": 0, "excluded_lines": 0, "percent_statements_covered": 100.0, "percent_statements_covered_display": "100"}, "missing_lines": [], "excluded_lines": [], "start_line": 94}, "InMemoryMessageBus.publish": {"executed_lines": [109, 111, 112, 113, 114, 115, 116, 119, 120, 121, 122, 123, 126, 127], "summary": {"covered_lines": 14, "num_statements": 14, "percent_covered": 100.0, "percent_covered_display": "100", "missing_lines": 0, "excluded_lines": 0, "percent_statements_covered": 100.0, "percent_statements_covered_display": "100"}, "missing_lines": [], "excluded_lines": [], "start_line": 100}, "InMemoryMessageBus.subscribe": {"executed_lines": [139, 140, 141, 142, 145], "summary": {"covered_lines": 5, "num_statements": 5, "percent_covered": 100.0, "percent_covered_display": "100", "missing_lines": 0, "excluded_lines": 0, "percent_statements_covered": 100.0, "percent_statements_covered_display": "100"}, "missing_lines": [], "excluded_lines": [], "start_line": 129}, "InMemoryMessageBus._process_messages": {"executed_lines": [160, 161, 162, 163, 164, 165], "summary": {"covered_lines": 6, "num_statements": 8, "percent_covered": 75.0, "percent_covered_display": "75", "missing_lines": 2, "excluded_lines": 0, "percent_statements_covered": 75.0, "percent_statements_covered_display": "75"}, "missing_lines": [166, 168], "excluded_lines": [], "start_line": 147}, "InMemoryMessageBus.unsubscribe": {"executed_lines": [176, 177, 178], "summary": {"covered_lines": 3, "num_statements": 3, "percent_covered": 100.0, "percent_covered_display": "100", "missing_lines": 0, "excluded_lines": 0, "percent_statements_covered": 100.0, "percent_statements_covered_display": "100"}, "missing_lines": [], "excluded_lines": [], "start_line": 170}, "InMemoryMessageBus.request": {"executed_lines": [202, 210, 211, 212, 215, 218, 219, 220, 221, 222, 223, 224], "summary": {"covered_lines": 12, "num_statements": 12, "percent_covered": 100.0, "percent_covered_display": "100", "missing_lines": 0, "excluded_lines": 0, "percent_statements_covered": 100.0, "percent_statements_covered_display": "100"}, "missing_lines": [], "excluded_lines": [], "start_line": 180}, "InMemoryMessageBus.respond": {"executed_lines": [235, 243], "summary": {"covered_lines": 2, "num_statements": 2, "percent_covered": 100.0, "percent_covered_display": "100", "missing_lines": 0, "excluded_lines": 0, "percent_statements_covered": 100.0, "percent_statements_covered_display": "100"}, "missing_lines": [], "excluded_lines": [], "start_line": 228}, "InMemoryMessageBus.get_subscriber_count": {"executed_lines": [251, 252], "summary": {"covered_lines": 2, "num_statements": 2, "percent_covered": 100.0, "percent_covered_display": "100", "missing_lines": 0, "excluded_lines": 0, "percent_statements_covered": 100.0, "percent_statements_covered_display": "100"}, "missing_lines": [], "excluded_lines": [], "start_line": 245}, "InMemoryMessageBus.clear": {"executed_lines": [259, 260, 261], "summary": {"covered_lines": 3, "num_statements": 3, "percent_covered": 100.0, "percent_covered_display": "100", "missing_lines": 0, "excluded_lines": 0, "percent_statements_covered": 100.0, "percent_statements_covered_display": "100"}, "missing_lines": [], "excluded_lines": [], "start_line": 254}, "": {"executed_lines": [7, 9, 10, 11, 12, 14, 17, 24, 25, 33, 34, 43, 44, 52, 53, 76, 77, 87, 94, 100, 129, 147, 170, 180, 228, 245, 254, 264], "summary": {"covered_lines": 28, "num_statements": 28, "percent_covered": 100.0, "percent_covered_display": "100", "missing_lines": 0, "excluded_lines": 0, "percent_statements_covered": 100.0, "percent_statements_covered_display": "100"}, "missing_lines": [], "excluded_lines": [], "start_line": 1}}, "classes": {"MessageBus": {"executed_lines": [], "summary": {"covered_lines": 0, "num_statements": 5, "percent_covered": 0.0, "percent_covered_display": "0", "missing_lines": 5, "excluded_lines": 0, "percent_statements_covered": 0.0, "percent_statements_covered_display": "0"}, "missing_lines": [31, 41, 50, 74, 84], "excluded_lines": [], "start_line": 17}, "InMemoryMessageBus": {"executed_lines": [96, 97, 98, 109, 111, 112, 113, 114, 115, 116, 119, 120, 121, 122, 123, 126, 127, 139, 140, 141, 142, 145, 160, 161, 162, 163, 164, 165, 176, 177, 178, 202, 210, 211, 212, 215, 218, 219, 220, 221, 222, 223, 224, 235, 243, 251, 252, 259, 260, 261], "summary": {"covered_lines": 50, "num_statements": 52, "percent_covered": 96.15384615384616, "percent_covered_display": "96", "missing_lines": 2, "excluded_lines": 0, "percent_statements_covered": 96.15384615384616, "percent_statements_covered_display": "96"}, "missing_lines": [166, 168], "excluded_lines": [], "start_line": 87}, "": {"executed_lines": [7, 9, 10, 11, 12, 14, 17, 24, 25, 33, 34, 43, 44, 52, 53, 76, 77, 87, 94, 100, 129, 147, 170, 180, 228, 245, 254, 264], "summary": {"covered_lines": 28, "num_statements": 28, "percent_covered": 100.0, "percent_covered_display": "100", "missing_lines": 0, "excluded_lines": 0, "percent_statements_covered": 100.0, "percent_statements_covered_display": "100"}, "missing_lines": [], "excluded_lines": [], "start_line": 1}}}, "src/lyra_core/orchestration/models/__init__.py": {"executed_lines": [3, 10, 11, 16, 17, 23, 30], "summary": {"covered_lines": 7, "num_statements": 7, "percent_covered": 100.0, "percent_covered_display": "100", "missing_lines": 0, "excluded_lines": 0, "percent_statements_covered": 100.0, "percent_statements_covered_display": "100"}, "missing_lines": [], "excluded_lines": [], "functions": {"": {"executed_lines": [3, 10, 11, 16, 17, 23, 30], "summary": {"covered_lines": 7, "num_statements": 7, "percent_covered": 100.0, "percent_covered_display": "100", "missing_lines": 0, "excluded_lines": 0, "percent_statements_covered": 100.0, "percent_statements_covered_display": "100"}, "missing_lines": [], "excluded_lines": [], "start_line": 1}}, "classes": {"": {"executed_lines": [3, 10, 11, 16, 17, 23, 30], "summary": {"covered_lines": 7, "num_statements": 7, "percent_covered": 100.0, "percent_covered_display": "100", "missing_lines": 0, "excluded_lines": 0, "percent_statements_covered": 100.0, "percent_statements_covered_display": "100"}, "missing_lines": [], "excluded_lines": [], "start_line": 1}}}, "src/lyra_core/orchestration/models/architecture.py": {"executed_lines": [3, 5, 6, 7, 10, 13, 14, 15, 16, 17, 18, 21, 24, 25, 26, 27, 30, 31, 42, 43, 44, 45, 46, 48, 49, 68, 77, 78, 92, 93, 94, 95, 96, 97, 98, 99, 101, 102, 125, 137, 138, 152, 153, 154, 155, 156, 157, 158, 159, 161, 162, 185, 197, 198, 213, 214, 215, 216, 217, 218, 219, 220, 221, 223, 224, 249, 262, 263, 278, 279, 280, 281, 282, 283, 284, 285, 286, 288, 289, 314, 327], "summary": {"covered_lines": 81, "num_statements": 81, "percent_covered": 100.0, "percent_covered_display": "100", "missing_lines": 0, "excluded_lines": 0, "percent_statements_covered": 100.0, "percent_statements_covered_display": "100"}, "missing_lines": [], "excluded_lines": [], "functions": {"TechStack.create": {"executed_lines": [68], "summary": {"covered_lines": 1, "num_statements": 1, "percent_covered": 100.0, "percent_covered_display": "100", "missing_lines": 0, "excluded_lines": 0, "percent_statements_covered": 100.0, "percent_statements_covered_display": "100"}, "missing_lines": [], "excluded_lines": [], "start_line": 49}, "Architecture.create": {"executed_lines": [125], "summary": {"covered_lines": 1, "num_statements": 1, "percent_covered": 100.0, "percent_covered_display": "100", "missing_lines": 0, "excluded_lines": 0, "percent_statements_covered": 100.0, "percent_statements_covered_display": "100"}, "missing_lines": [], "excluded_lines": [], "start_line": 102}, "ArchitectureReview.create": {"executed_lines": [185], "summary": {"covered_lines": 1, "num_statements": 1, "percent_covered": 100.0, "percent_covered_display": "100", "missing_lines": 0, "excluded_lines": 0, "percent_statements_covered": 100.0, "percent_statements_covered_display": "100"}, "missing_lines": [], "excluded_lines": [], "start_line": 162}, "ScalabilityPlan.create": {"executed_lines": [249], "summary": {"covered_lines": 1, "num_statements": 1, "percent_covered": 100.0, "percent_covered_display": "100", "missing_lines": 0, "excluded_lines": 0, "percent_statements_covered": 100.0, "percent_statements_covered_display": "100"}, "missing_lines": [], "excluded_lines": [], "start_line": 224}, "TechSpec.create": {"executed_lines": [314], "summary": {"covered_lines": 1, "num_statements": 1, "percent_covered": 100.0, "percent_covered_display": "100", "missing_lines": 0, "excluded_lines": 0, "percent_statements_covered": 100.0, "percent_statements_covered_display": "100"}, "missing_lines": [], "excluded_lines": [], "start_line": 289}, "": {"executed_lines": [3, 5, 6, 7, 10, 13, 14, 15, 16, 17, 18, 21, 24, 25, 26, 27, 30, 31, 42, 43, 44, 45, 46, 48, 49, 77, 78, 92, 93, 94, 95, 96, 97, 98, 99, 101, 102, 137, 138, 152, 153, 154, 155, 156, 157, 158, 159, 161, 162, 197, 198, 213, 214, 215, 216, 217, 218, 219, 220, 221, 223, 224, 262, 263, 278, 279, 280, 281, 282, 283, 284, 285, 286, 288, 289, 327], "summary": {"covered_lines": 76, "num_statements": 76, "percent_covered": 100.0, "percent_covered_display": "100", "missing_lines": 0, "excluded_lines": 0, "percent_statements_covered": 100.0, "percent_statements_covered_display": "100"}, "missing_lines": [], "excluded_lines": [], "start_line": 1}}, "classes": {"ArchitecturePattern": {"executed_lines": [], "summary": {"covered_lines": 0, "num_statements": 0, "percent_covered": 100.0, "percent_covered_display": "100", "missing_lines": 0, "excluded_lines": 0, "percent_statements_covered": 100.0, "percent_statements_covered_display": "100"}, "missing_lines": [], "excluded_lines": [], "start_line": 10}, "ReviewStatus": {"executed_lines": [], "summary": {"covered_lines": 0, "num_statements": 0, "percent_covered": 100.0, "percent_covered_display": "100", "missing_lines": 0, "excluded_lines": 0, "percent_statements_covered": 100.0, "percent_statements_covered_display": "100"}, "missing_lines": [], "excluded_lines": [], "start_line": 21}, "TechStack": {"executed_lines": [68], "summary": {"covered_lines": 1, "num_statements": 1, "percent_covered": 100.0, "percent_covered_display": "100", "missing_lines": 0, "excluded_lines": 0, "percent_statements_covered": 100.0, "percent_statements_covered_display": "100"}, "missing_lines": [], "excluded_lines": [], "start_line": 31}, "Architecture": {"executed_lines": [125], "summary": {"covered_lines": 1, "num_statements": 1, "percent_covered": 100.0, "percent_covered_display": "100", "missing_lines": 0, "excluded_lines": 0, "percent_statements_covered": 100.0, "percent_statements_covered_display": "100"}, "missing_lines": [], "excluded_lines": [], "start_line": 78}, "ArchitectureReview": {"executed_lines": [185], "summary": {"covered_lines": 1, "num_statements": 1, "percent_covered": 100.0, "percent_covered_display": "100", "missing_lines": 0, "excluded_lines": 0, "percent_statements_covered": 100.0, "percent_statements_covered_display": "100"}, "missing_lines": [], "excluded_lines": [], "start_line": 138}, "ScalabilityPlan": {"executed_lines": [249], "summary": {"covered_lines": 1, "num_statements": 1, "percent_covered": 100.0, "percent_covered_display": "100", "missing_lines": 0, "excluded_lines": 0, "percent_statements_covered": 100.0, "percent_statements_covered_display": "100"}, "missing_lines": [], "excluded_lines": [], "start_line": 198}, "TechSpec": {"executed_lines": [314], "summary": {"covered_lines": 1, "num_statements": 1, "percent_covered": 100.0, "percent_covered_display": "100", "missing_lines": 0, "excluded_lines": 0, "percent_statements_covered": 100.0, "percent_statements_covered_display": "100"}, "missing_lines": [], "excluded_lines": [], "start_line": 263}, "": {"executed_lines": [3, 5, 6, 7, 10, 13, 14, 15, 16, 17, 18, 21, 24, 25, 26, 27, 30, 31, 42, 43, 44, 45, 46, 48, 49, 77, 78, 92, 93, 94, 95, 96, 97, 98, 99, 101, 102, 137, 138, 152, 153, 154, 155, 156, 157, 158, 159, 161, 162, 197, 198, 213, 214, 215, 216, 217, 218, 219, 220, 221, 223, 224, 262, 263, 278, 279, 280, 281, 282, 283, 284, 285, 286, 288, 289, 327], "summary": {"covered_lines": 76, "num_statements": 76, "percent_covered": 100.0, "percent_covered_display": "100", "missing_lines": 0, "excluded_lines": 0, "percent_statements_covered": 100.0, "percent_statements_covered_display": "100"}, "missing_lines": [], "excluded_lines": [], "start_line": 1}}}, "src/lyra_core/orchestration/models/code_review.py": {"executed_lines": [3, 5, 6, 7, 10, 13, 14, 15, 16, 19, 22, 23, 24, 25, 26, 27, 30, 31, 46, 47, 48, 49, 50, 51, 52, 53, 54, 56, 57, 82, 95, 96, 107, 108, 109, 110, 111, 114, 115, 132, 133, 134, 135, 136, 137, 138, 139, 140, 141, 142, 144, 145, 166, 169, 172, 173, 176, 178, 193], "summary": {"covered_lines": 59, "num_statements": 59, "percent_covered": 100.0, "percent_covered_display": "100", "missing_lines": 0, "excluded_lines": 0, "percent_statements_covered": 100.0, "percent_statements_covered_display": "100"}, "missing_lines": [], "excluded_lines": [], "functions": {"PullRequest.create": {"executed_lines": [82], "summary": {"covered_lines": 1, "num_statements": 1, "percent_covered": 100.0, "percent_covered_display": "100", "missing_lines": 0, "excluded_lines": 0, "percent_statements_covered": 100.0, "percent_statements_covered_display": "100"}, "missing_lines": [], "excluded_lines": [], "start_line": 57}, "CodeReview.create": {"executed_lines": [166, 169, 172, 173, 176, 178], "summary": {"covered_lines": 6, "num_statements": 6, "percent_covered": 100.0, "percent_covered_display": "100", "missing_lines": 0, "excluded_lines": 0, "percent_statements_covered": 100.0, "percent_statements_covered_display": "100"}, "missing_lines": [], "excluded_lines": [], "start_line": 145}, "": {"executed_lines": [3, 5, 6, 7, 10, 13, 14, 15, 16, 19, 22, 23, 24, 25, 26, 27, 30, 31, 46, 47, 48, 49, 50, 51, 52, 53, 54, 56, 57, 95, 96, 107, 108, 109, 110, 111, 114, 115, 132, 133, 134, 135, 136, 137, 138, 139, 140, 141, 142, 144, 145, 193], "summary": {"covered_lines": 52, "num_statements": 52, "percent_covered": 100.0, "percent_covered_display": "100", "missing_lines": 0, "excluded_lines": 0, "percent_statements_covered": 100.0, "percent_statements_covered_display": "100"}, "missing_lines": [], "excluded_lines": [], "start_line": 1}}, "classes": {"ReviewSeverity": {"executed_lines": [], "summary": {"covered_lines": 0, "num_statements": 0, "percent_covered": 100.0, "percent_covered_display": "100", "missing_lines": 0, "excluded_lines": 0, "percent_statements_covered": 100.0, "percent_statements_covered_display": "100"}, "missing_lines": [], "excluded_lines": [], "start_line": 10}, "PRStatus": {"executed_lines": [], "summary": {"covered_lines": 0, "num_statements": 0, "percent_covered": 100.0, "percent_covered_display": "100", "missing_lines": 0, "excluded_lines": 0, "percent_statements_covered": 100.0, "percent_statements_covered_display": "100"}, "missing_lines": [], "excluded_lines": [], "start_line": 19}, "PullRequest": {"executed_lines": [82], "summary": {"covered_lines": 1, "num_statements": 1, "percent_covered": 100.0, "percent_covered_display": "100", "missing_lines": 0, "excluded_lines": 0, "percent_statements_covered": 100.0, "percent_statements_covered_display": "100"}, "missing_lines": [], "excluded_lines": [], "start_line": 31}, "ReviewComment": {"executed_lines": [], "summary": {"covered_lines": 0, "num_statements": 0, "percent_covered": 100.0, "percent_covered_display": "100", "missing_lines": 0, "excluded_lines": 0, "percent_statements_covered": 100.0, "percent_statements_covered_display": "100"}, "missing_lines": [], "excluded_lines": [], "start_line": 96}, "CodeReview": {"executed_lines": [166, 169, 172, 173, 176, 178], "summary": {"covered_lines": 6, "num_statements": 6, "percent_covered": 100.0, "percent_covered_display": "100", "missing_lines": 0, "excluded_lines": 0, "percent_statements_covered": 100.0, "percent_statements_covered_display": "100"}, "missing_lines": [], "excluded_lines": [], "start_line": 115}, "": {"executed_lines": [3, 5, 6, 7, 10, 13, 14, 15, 16, 19, 22, 23, 24, 25, 26, 27, 30, 31, 46, 47, 48, 49, 50, 51, 52, 53, 54, 56, 57, 95, 96, 107, 108, 109, 110, 111, 114, 115, 132, 133, 134, 135, 136, 137, 138, 139, 140, 141, 142, 144, 145, 193], "summary": {"covered_lines": 52, "num_statements": 52, "percent_covered": 100.0, "percent_covered_display": "100", "missing_lines": 0, "excluded_lines": 0, "percent_statements_covered": 100.0, "percent_statements_covered_display": "100"}, "missing_lines": [], "excluded_lines": [], "start_line": 1}}}, "src/lyra_core/orchestration/models/documentation.py": {"executed_lines": [3, 5, 6, 7, 10, 13, 14, 15, 16, 17, 20, 23, 24, 25, 26, 27, 30, 31, 45, 46, 47, 48, 49, 50, 51, 52, 54, 55, 78, 90, 91, 107, 108, 109, 110, 111, 112, 113, 114, 115, 116, 118, 119, 146, 160, 161, 176, 177, 178, 179, 180, 181, 182, 183, 184, 186, 187, 212, 225], "summary": {"covered_lines": 59, "num_statements": 59, "percent_covered": 100.0, "percent_covered_display": "100", "missing_lines": 0, "excluded_lines": 0, "percent_statements_covered": 100.0, "percent_statements_covered_display": "100"}, "missing_lines": [], "excluded_lines": [], "functions": {"APIDocumentation.create": {"executed_lines": [78], "summary": {"covered_lines": 1, "num_statements": 1, "percent_covered": 100.0, "percent_covered_display": "100", "missing_lines": 0, "excluded_lines": 0, "percent_statements_covered": 100.0, "percent_statements_covered_display": "100"}, "missing_lines": [], "excluded_lines": [], "start_line": 55}, "Specification.create": {"executed_lines": [146], "summary": {"covered_lines": 1, "num_statements": 1, "percent_covered": 100.0, "percent_covered_display": "100", "missing_lines": 0, "excluded_lines": 0, "percent_statements_covered": 100.0, "percent_statements_covered_display": "100"}, "missing_lines": [], "excluded_lines": [], "start_line": 119}, "DocsReview.create": {"executed_lines": [212], "summary": {"covered_lines": 1, "num_statements": 1, "percent_covered": 100.0, "percent_covered_display": "100", "missing_lines": 0, "excluded_lines": 0, "percent_statements_covered": 100.0, "percent_statements_covered_display": "100"}, "missing_lines": [], "excluded_lines": [], "start_line": 187}, "": {"executed_lines": [3, 5, 6, 7, 10, 13, 14, 15, 16, 17, 20, 23, 24, 25, 26, 27, 30, 31, 45, 46, 47, 48, 49, 50, 51, 52, 54, 55, 90, 91, 107, 108, 109, 110, 111, 112, 113, 114, 115, 116, 118, 119, 160, 161, 176, 177, 178, 179, 180, 181, 182, 183, 184, 186, 187, 225], "summary": {"covered_lines": 56, "num_statements": 56, "percent_covered": 100.0, "percent_covered_display": "100", "missing_lines": 0, "excluded_lines": 0, "percent_statements_covered": 100.0, "percent_statements_covered_display": "100"}, "missing_lines": [], "excluded_lines": [], "start_line": 1}}, "classes": {"DocType": {"executed_lines": [], "summary": {"covered_lines": 0, "num_statements": 0, "percent_covered": 100.0, "percent_covered_display": "100", "missing_lines": 0, "excluded_lines": 0, "percent_statements_covered": 100.0, "percent_statements_covered_display": "100"}, "missing_lines": [], "excluded_lines": [], "start_line": 10}, "DocStatus": {"executed_lines": [], "summary": {"covered_lines": 0, "num_statements": 0, "percent_covered": 100.0, "percent_covered_display": "100", "missing_lines": 0, "excluded_lines": 0, "percent_statements_covered": 100.0, "percent_statements_covered_display": "100"}, "missing_lines": [], "excluded_lines": [], "start_line": 20}, "APIDocumentation": {"executed_lines": [78], "summary": {"covered_lines": 1, "num_statements": 1, "percent_covered": 100.0, "percent_covered_display": "100", "missing_lines": 0, "excluded_lines": 0, "percent_statements_covered": 100.0, "percent_statements_covered_display": "100"}, "missing_lines": [], "excluded_lines": [], "start_line": 31}, "Specification": {"executed_lines": [146], "summary": {"covered_lines": 1, "num_statements": 1, "percent_covered": 100.0, "percent_covered_display": "100", "missing_lines": 0, "excluded_lines": 0, "percent_statements_covered": 100.0, "percent_statements_covered_display": "100"}, "missing_lines": [], "excluded_lines": [], "start_line": 91}, "DocsReview": {"executed_lines": [212], "summary": {"covered_lines": 1, "num_statements": 1, "percent_covered": 100.0, "percent_covered_display": "100", "missing_lines": 0, "excluded_lines": 0, "percent_statements_covered": 100.0, "percent_statements_covered_display": "100"}, "missing_lines": [], "excluded_lines": [], "start_line": 161}, "": {"executed_lines": [3, 5, 6, 7, 10, 13, 14, 15, 16, 17, 20, 23, 24, 25, 26, 27, 30, 31, 45, 46, 47, 48, 49, 50, 51, 52, 54, 55, 90, 91, 107, 108, 109, 110, 111, 112, 113, 114, 115, 116, 118, 119, 160, 161, 176, 177, 178, 179, 180, 181, 182, 183, 184, 186, 187, 225], "summary": {"covered_lines": 56, "num_statements": 56, "percent_covered": 100.0, "percent_covered_display": "100", "missing_lines": 0, "excluded_lines": 0, "percent_statements_covered": 100.0, "percent_statements_covered_display": "100"}, "missing_lines": [], "excluded_lines": [], "start_line": 1}}}, "src/lyra_core/orchestration/models/requirements.py": {"executed_lines": [3, 5, 6, 7, 10, 13, 14, 15, 16, 19, 22, 23, 24, 25, 26, 29, 30, 43, 44, 45, 46, 47, 48, 49, 51, 52, 73, 84, 85, 100, 101, 102, 103, 104, 105, 106, 107, 108, 110, 111, 136, 149, 150, 165, 166, 167, 168, 169, 170, 171, 172, 173, 175, 176, 201, 214], "summary": {"covered_lines": 56, "num_statements": 56, "percent_covered": 100.0, "percent_covered_display": "100", "missing_lines": 0, "excluded_lines": 0, "percent_statements_covered": 100.0, "percent_statements_covered_display": "100"}, "missing_lines": [], "excluded_lines": [], "functions": {"Requirements.create": {"executed_lines": [73], "summary": {"covered_lines": 1, "num_statements": 1, "percent_covered": 100.0, "percent_covered_display": "100", "missing_lines": 0, "excluded_lines": 0, "percent_statements_covered": 100.0, "percent_statements_covered_display": "100"}, "missing_lines": [], "excluded_lines": [], "start_line": 52}, "UserStory.create": {"executed_lines": [136], "summary": {"covered_lines": 1, "num_statements": 1, "percent_covered": 100.0, "percent_covered_display": "100", "missing_lines": 0, "excluded_lines": 0, "percent_statements_covered": 100.0, "percent_statements_covered_display": "100"}, "missing_lines": [], "excluded_lines": [], "start_line": 111}, "PRD.create": {"executed_lines": [201], "summary": {"covered_lines": 1, "num_statements": 1, "percent_covered": 100.0, "percent_covered_display": "100", "missing_lines": 0, "excluded_lines": 0, "percent_statements_covered": 100.0, "percent_statements_covered_display": "100"}, "missing_lines": [], "excluded_lines": [], "start_line": 176}, "": {"executed_lines": [3, 5, 6, 7, 10, 13, 14, 15, 16, 19, 22, 23, 24, 25, 26, 29, 30, 43, 44, 45, 46, 47, 48, 49, 51, 52, 84, 85, 100, 101, 102, 103, 104, 105, 106, 107, 108, 110, 111, 149, 150, 165, 166, 167, 168, 169, 170, 171, 172, 173, 175, 176, 214], "summary": {"covered_lines": 53, "num_statements": 53, "percent_covered": 100.0, "percent_covered_display": "100", "missing_lines": 0, "excluded_lines": 0, "percent_statements_covered": 100.0, "percent_statements_covered_display": "100"}, "missing_lines": [], "excluded_lines": [], "start_line": 1}}, "classes": {"Priority": {"executed_lines": [], "summary": {"covered_lines": 0, "num_statements": 0, "percent_covered": 100.0, "percent_covered_display": "100", "missing_lines": 0, "excluded_lines": 0, "percent_statements_covered": 100.0, "percent_statements_covered_display": "100"}, "missing_lines": [], "excluded_lines": [], "start_line": 10}, "StoryStatus": {"executed_lines": [], "summary": {"covered_lines": 0, "num_statements": 0, "percent_covered": 100.0, "percent_covered_display": "100", "missing_lines": 0, "excluded_lines": 0, "percent_statements_covered": 100.0, "percent_statements_covered_display": "100"}, "missing_lines": [], "excluded_lines": [], "start_line": 19}, "Requirements": {"executed_lines": [73], "summary": {"covered_lines": 1, "num_statements": 1, "percent_covered": 100.0, "percent_covered_display": "100", "missing_lines": 0, "excluded_lines": 0, "percent_statements_covered": 100.0, "percent_statements_covered_display": "100"}, "missing_lines": [], "excluded_lines": [], "start_line": 30}, "UserStory": {"executed_lines": [136], "summary": {"covered_lines": 1, "num_statements": 1, "percent_covered": 100.0, "percent_covered_display": "100", "missing_lines": 0, "excluded_lines": 0, "percent_statements_covered": 100.0, "percent_statements_covered_display": "100"}, "missing_lines": [], "excluded_lines": [], "start_line": 85}, "PRD": {"executed_lines": [201], "summary": {"covered_lines": 1, "num_statements": 1, "percent_covered": 100.0, "percent_covered_display": "100", "missing_lines": 0, "excluded_lines": 0, "percent_statements_covered": 100.0, "percent_statements_covered_display": "100"}, "missing_lines": [], "excluded_lines": [], "start_line": 150}, "": {"executed_lines": [3, 5, 6, 7, 10, 13, 14, 15, 16, 19, 22, 23, 24, 25, 26, 29, 30, 43, 44, 45, 46, 47, 48, 49, 51, 52, 84, 85, 100, 101, 102, 103, 104, 105, 106, 107, 108, 110, 111, 149, 150, 165, 166, 167, 168, 169, 170, 171, 172, 173, 175, 176, 214], "summary": {"covered_lines": 53, "num_statements": 53, "percent_covered": 100.0, "percent_covered_display": "100", "missing_lines": 0, "excluded_lines": 0, "percent_statements_covered": 100.0, "percent_statements_covered_display": "100"}, "missing_lines": [], "excluded_lines": [], "start_line": 1}}}, "src/lyra_core/orchestration/models/research.py": {"executed_lines": [3, 5, 6, 7, 10, 13, 14, 15, 16, 17, 20, 23, 24, 25, 26, 29, 30, 46,
[...]
ines": 1, "num_statements": 1, "percent_covered": 100.0, "percent_covered_display": "100", "missing_lines": 0, "excluded_lines": 0, "percent_statements_covered": 100.0, "percent_statements_covered_display": "100"}, "missing_lines": [], "excluded_lines": [], "start_line": 215}, "": {"executed_lines": [3, 5, 6, 7, 10, 13, 14, 15, 16, 17, 20, 23, 24, 25, 26, 29, 30, 43, 44, 45, 46, 47, 48, 49, 51, 52, 84, 85, 98, 99, 100, 101, 102, 103, 104, 106, 107, 139, 140, 151, 152, 153, 154, 155, 158, 159, 173, 174, 175, 176, 177, 178, 179, 180, 182, 183, 214, 215, 228, 229, 230, 231, 232, 233, 234, 236, 237, 269], "summary": {"covered_lines": 68, "num_statements": 68, "percent_covered": 100.0, "percent_covered_display": "100", "missing_lines": 0, "excluded_lines": 0, "percent_statements_covered": 100.0, "percent_statements_covered_display": "100"}, "missing_lines": [], "excluded_lines": [], "start_line": 1}}}, "src/lyra_core/orchestration/orchestrator.py": {"executed_lines": [7, 9, 10, 11, 12, 13, 14, 16, 17, 18, 21, 24, 25, 26, 27, 28, 29, 32, 33, 43, 44, 45, 46, 48, 49, 62, 70, 80, 91, 92, 93, 94, 95, 96, 98, 112, 113, 114, 115, 118, 128, 130, 153, 154, 155, 158, 161, 170, 173, 176, 179, 191, 193, 202, 203, 204, 206, 207, 208, 210, 222, 223, 224, 226, 227, 230, 240, 249, 259, 260, 261, 263, 266, 271, 280, 281, 282, 285, 292, 293, 296, 298, 304, 305, 315, 327, 328, 329, 330, 332, 341, 342, 343, 344, 346, 357], "summary": {"covered_lines": 96, "num_statements": 96, "percent_covered": 100.0, "percent_covered_display": "100", "missing_lines": 0, "excluded_lines": 0, "percent_statements_covered": 100.0, "percent_statements_covered_display": "100"}, "missing_lines": [], "excluded_lines": [], "functions": {"TeamMetadata.create": {"executed_lines": [62], "summary": {"covered_lines": 1, "num_statements": 1, "percent_covered": 100.0, "percent_covered_display": "100", "missing_lines": 0, "excluded_lines": 0, "percent_statements_covered": 100.0, "percent_statements_covered_display": "100"}, "missing_lines": [], "excluded_lines": [], "start_line": 49}, "TeamOrchestrator.__init__": {"executed_lines": [91, 92, 93, 94, 95, 96], "summary": {"covered_lines": 6, "num_statements": 6, "percent_covered": 100.0, "percent_covered_display": "100", "missing_lines": 0, "excluded_lines": 0, "percent_statements_covered": 100.0, "percent_statements_covered_display": "100"}, "missing_lines": [], "excluded_lines": [], "start_line": 80}, "TeamOrchestrator.create_team": {"executed_lines": [112, 113, 114, 115, 118, 128], "summary": {"covered_lines": 6, "num_statements": 6, "percent_covered": 100.0, "percent_covered_display": "100", "missing_lines": 0, "excluded_lines": 0, "percent_statements_covered": 100.0, "percent_statements_covered_display": "100"}, "missing_lines": [], "excluded_lines": [], "start_line": 98}, "TeamOrchestrator.spawn_agent": {"executed_lines": [153, 154, 155, 158, 161, 170, 173, 176, 179, 191], "summary": {"covered_lines": 10, "num_statements": 10, "percent_covered": 100.0, "percent_covered_display": "100", "missing_lines": 0, "excluded_lines": 0, "percent_statements_covered": 100.0, "percent_statements_covered_display": "100"}, "missing_lines": [], "excluded_lines": [], "start_line": 130}, "TeamOrchestrator.stop_agent": {"executed_lines": [202, 203, 204, 206, 207, 208], "summary": {"covered_lines": 6, "num_statements": 6, "percent_covered": 100.0, "percent_covered_display": "100", "missing_lines": 0, "excluded_lines": 0, "percent_statements_covered": 100.0, "percent_statements_covered_display": "100"}, "missing_lines": [], "excluded_lines": [], "start_line": 193}, "TeamOrchestrator.get_team_status": {"executed_lines": [222, 223, 224, 226, 227, 230, 240], "summary": {"covered_lines": 7, "num_statements": 7, "percent_covered": 100.0, "percent_covered_display": "100", "missing_lines": 0, "excluded_lines": 0, "percent_statements_covered": 100.0, "percent_statements_covered_display": "100"}, "missing_lines": [], "excluded_lines": [], "start_line": 210}, "TeamOrchestrator.set_team_status": {"executed_lines": [259, 260, 261, 263, 266], "summary": {"covered_lines": 5, "num_statements": 5, "percent_covered": 100.0, "percent_covered_display": "100", "missing_lines": 0, "excluded_lines": 0, "percent_statements_covered": 100.0, "percent_statements_covered_display": "100"}, "missing_lines": [], "excluded_lines": [], "start_line": 249}, "TeamOrchestrator.stop_team": {"executed_lines": [280, 281, 282, 285, 292, 293, 296], "summary": {"covered_lines": 7, "num_statements": 7, "percent_covered": 100.0, "percent_covered_display": "100", "missing_lines": 0, "excluded_lines": 0, "percent_statements_covered": 100.0, "percent_statements_covered_display": "100"}, "missing_lines": [], "excluded_lines": [], "start_line": 271}, "TeamOrchestrator.list_teams": {"executed_lines": [304, 305], "summary": {"covered_lines": 2, "num_statements": 2, "percent_covered": 100.0, "percent_covered_display": "100", "missing_lines": 0, "excluded_lines": 0, "percent_statements_covered": 100.0, "percent_statements_covered_display": "100"}, "missing_lines": [], "excluded_lines": [], "start_line": 298}, "TeamOrchestrator.get_agent": {"executed_lines": [327, 328, 329, 330], "summary": {"covered_lines": 4, "num_statements": 4, "percent_covered": 100.0, "percent_covered_display": "100", "missing_lines": 0, "excluded_lines": 0, "percent_statements_covered": 100.0, "percent_statements_covered_display": "100"}, "missing_lines": [], "excluded_lines": [], "start_line": 315}, "TeamOrchestrator.list_agents": {"executed_lines": [341, 342, 343, 344, 346], "summary": {"covered_lines": 5, "num_statements": 5, "percent_covered": 100.0, "percent_covered_display": "100", "missing_lines": 0, "excluded_lines": 0, "percent_statements_covered": 100.0, "percent_statements_covered_display": "100"}, "missing_lines": [], "excluded_lines": [], "start_line": 332}, "": {"executed_lines": [7, 9, 10, 11, 12, 13, 14, 16, 17, 18, 21, 24, 25, 26, 27, 28, 29, 32, 33, 43, 44, 45, 46, 48, 49, 70, 80, 98, 130, 193, 210, 249, 271, 298, 315, 332, 357], "summary": {"covered_lines": 37, "num_statements": 37, "percent_covered": 100.0, "percent_covered_display": "100", "missing_lines": 0, "excluded_lines": 0, "percent_statements_covered": 100.0, "percent_statements_covered_display": "100"}, "missing_lines": [], "excluded_lines": [], "start_line": 1}}, "classes": {"TeamStatus": {"executed_lines": [], "summary": {"covered_lines": 0, "num_statements": 0, "percent_covered": 100.0, "percent_covered_display": "100", "missing_lines": 0, "excluded_lines": 0, "percent_statements_covered": 100.0, "percent_statements_covered_display": "100"}, "missing_lines": [], "excluded_lines": [], "start_line": 21}, "TeamMetadata": {"executed_lines": [62], "summary": {"covered_lines": 1, "num_statements": 1, "percent_covered": 100.0, "percent_covered_display": "100", "missing_lines": 0, "excluded_lines": 0, "percent_statements_covered": 100.0, "percent_statements_covered_display": "100"}, "missing_lines": [], "excluded_lines": [], "start_line": 33}, "TeamOrchestrator": {"executed_lines": [91, 92, 93, 94, 95, 96, 112, 113, 114, 115, 118, 128, 153, 154, 155, 158, 161, 170, 173, 176, 179, 191, 202, 203, 204, 206, 207, 208, 222, 223, 224, 226, 227, 230, 240, 259, 260, 261, 263, 266, 280, 281, 282, 285, 292, 293, 296, 304, 305, 327, 328, 329, 330, 341, 342, 343, 344, 346], "summary": {"covered_lines": 58, "num_statements": 58, "percent_covered": 100.0, "percent_covered_display": "100", "missing_lines": 0, "excluded_lines": 0, "percent_statements_covered": 100.0, "percent_statements_covered_display": "100"}, "missing_lines": [], "excluded_lines": [], "start_line": 70}, "": {"executed_lines": [7, 9, 10, 11, 12, 13, 14, 16, 17, 18, 21, 24, 25, 26, 27, 28, 29, 32, 33, 43, 44, 45, 46, 48, 49, 70, 80, 98, 130, 193, 210, 249, 271, 298, 315, 332, 357], "summary": {"covered_lines": 37, "num_statements": 37, "percent_covered": 100.0, "percent_covered_display": "100", "missing_lines": 0, "excluded_lines": 0, "percent_statements_covered": 100.0, "percent_statements_covered_display": "100"}, "missing_lines": [], "excluded_lines": [], "start_line": 1}}}, "src/lyra_core/orchestration/protocol.py": {"executed_lines": [7, 9, 10, 11, 12, 13, 14, 17, 20, 21, 22, 23, 24, 27, 28, 42, 43, 44, 45, 46, 47, 48, 49, 51, 52, 73, 84, 90, 101, 107, 109, 110, 122, 123, 133, 134, 136, 137, 149, 150, 151, 152, 153, 156], "summary": {"covered_lines": 44, "num_statements": 44, "percent_covered": 100.0, "percent_covered_display": "100", "missing_lines": 0, "excluded_lines": 0, "percent_statements_covered": 100.0, "percent_statements_covered_display": "100"}, "missing_lines": [], "excluded_lines": [], "functions": {"Message.create": {"executed_lines": [73], "summary": {"covered_lines": 1, "num_statements": 1, "percent_covered": 100.0, "percent_covered_display": "100", "missing_lines": 0, "excluded_lines": 0, "percent_statements_covered": 100.0, "percent_statements_covered_display": "100"}, "missing_lines": [], "excluded_lines": [], "start_line": 52}, "Message.to_dict": {"executed_lines": [90], "summary": {"covered_lines": 1, "num_statements": 1, "percent_covered": 100.0, "percent_covered_display": "100", "missing_lines": 0, "excluded_lines": 0, "percent_statements_covered": 100.0, "percent_statements_covered_display": "100"}, "missing_lines": [], "excluded_lines": [], "start_line": 84}, "Message.to_json": {"executed_lines": [107], "summary": {"covered_lines": 1, "num_statements": 1, "percent_covered": 100.0, "percent_covered_display": "100", "missing_lines": 0, "excluded_lines": 0, "percent_statements_covered": 100.0, "percent_statements_covered_display": "100"}, "missing_lines": [], "excluded_lines": [], "start_line": 101}, "Message.from_dict": {"executed_lines": [122, 123, 133, 134], "summary": {"covered_lines": 4, "num_statements": 4, "percent_covered": 100.0, "percent_covered_display": "100", "missing_lines": 0, "excluded_lines": 0, "percent_statements_covered": 100.0, "percent_statements_covered_display": "100"}, "missing_lines": [], "excluded_lines": [], "start_line": 110}, "Message.from_json": {"executed_lines": [149, 150, 151, 152, 153], "summary": {"covered_lines": 5, "num_statements": 5, "percent_covered": 100.0, "percent_covered_display": "100", "missing_lines": 0, "excluded_lines": 0, "percent_statements_covered": 100.0, "percent_statements_covered_display": "100"}, "missing_lines": [], "excluded_lines": [], "start_line": 137}, "": {"executed_lines": [7, 9, 10, 11, 12, 13, 14, 17, 20, 21, 22, 23, 24, 27, 28, 42, 43, 44, 45, 46, 47, 48, 49, 51, 52, 84, 101, 109, 110, 136, 137, 156], "summary": {"covered_lines": 32, "num_statements": 32, "percent_covered": 100.0, "percent_covered_display": "100", "missing_lines": 0, "excluded_lines": 0, "percent_statements_covered": 100.0, "percent_statements_covered_display": "100"}, "missing_lines": [], "excluded_lines": [], "start_line": 1}}, "classes": {"MessageType": {"executed_lines": [], "summary": {"covered_lines": 0, "num_statements": 0, "percent_covered": 100.0, "percent_covered_display": "100", "missing_lines": 0, "excluded_lines": 0, "percent_statements_covered": 100.0, "percent_statements_covered_display": "100"}, "missing_lines": [], "excluded_lines": [], "start_line": 17}, "Message": {"executed_lines": [73, 90, 107, 122, 123, 133, 134, 149, 150, 151, 152, 153], "summary": {"covered_lines": 12, "num_statements": 12, "percent_covered": 100.0, "percent_covered_display": "100", "missing_lines": 0, "excluded_lines": 0, "percent_statements_covered": 100.0, "percent_statements_covered_display": "100"}, "missing_lines": [], "excluded_lines": [], "start_line": 28}, "": {"executed_lines": [7, 9, 10, 11, 12, 13, 14, 17, 20, 21, 22, 23, 24, 27, 28, 42, 43, 44, 45, 46, 47, 48, 49, 51, 52, 84, 101, 109, 110, 136, 137, 156], "summary": {"covered_lines": 32, "num_statements": 32, "percent_covered": 100.0, "percent_covered_display": "100", "missing_lines": 0, "excluded_lines": 0, "percent_statements_covered": 100.0, "percent_statements_covered_display": "100"}, "missing_lines": [], "excluded_lines": [], "start_line": 1}}}, "src/lyra_core/orchestration/state_store.py": {"executed_lines": [7, 9, 10, 11, 14, 22, 23, 34, 35, 44, 45, 56, 57, 68, 69, 80, 81, 89, 97, 99, 100, 102, 111, 112, 114, 121, 122, 124, 133, 134, 135, 136, 137, 139, 148, 149, 150, 151, 153, 162, 163, 165, 170, 171, 173, 179, 180, 182, 188, 189, 192], "summary": {"covered_lines": 51, "num_statements": 57, "percent_covered": 89.47368421052632, "percent_covered_display": "89", "missing_lines": 6, "excluded_lines": 0, "percent_statements_covered": 89.47368421052632, "percent_statements_covered_display": "89"}, "missing_lines": [32, 42, 54, 66, 78, 86], "excluded_lines": [], "functions": {"StateStore.get": {"executed_lines": [], "summary": {"covered_lines": 0, "num_statements": 1, "percent_covered": 0.0, "percent_covered_display": "0", "missing_lines": 1, "excluded_lines": 0, "percent_statements_covered": 0.0, "percent_statements_covered_display": "0"}, "missing_lines": [32], "excluded_lines": [], "start_line": 23}, "StateStore.set": {"executed_lines": [], "summary": {"covered_lines": 0, "num_statements": 1, "percent_covered": 0.0, "percent_covered_display": "0", "missing_lines": 1, "excluded_lines": 0, "percent_statements_covered": 0.0, "percent_statements_covered_display": "0"}, "missing_lines": [42], "excluded_lines": [], "start_line": 35}, "StateStore.delete": {"executed_lines": [], "summary": {"covered_lines": 0, "num_statements": 1, "percent_covered": 0.0, "percent_covered_display": "0", "missing_lines": 1, "excluded_lines": 0, "percent_statements_covered": 0.0, "percent_statements_covered_display": "0"}, "missing_lines": [54], "excluded_lines": [], "start_line": 45}, "StateStore.list_keys": {"executed_lines": [], "summary": {"covered_lines": 0, "num_statements": 1, "percent_covered": 0.0, "percent_covered_display": "0", "missing_lines": 1, "excluded_lines": 0, "percent_statements_covered": 0.0, "percent_statements_covered_display": "0"}, "missing_lines": [66], "excluded_lines": [], "start_line": 57}, "StateStore.exists": {"executed_lines": [], "summary": {"covered_lines": 0, "num_statements": 1, "percent_covered": 0.0, "percent_covered_display": "0", "missing_lines": 1, "excluded_lines": 0, "percent_statements_covered": 0.0, "percent_statements_covered_display": "0"}, "missing_lines": [78], "excluded_lines": [], "start_line": 69}, "StateStore.clear": {"executed_lines": [], "summary": {"covered_lines": 0, "num_statements": 1, "percent_covered": 0.0, "percent_covered_display": "0", "missing_lines": 1, "excluded_lines": 0, "percent_statements_covered": 0.0, "percent_statements_covered_display": "0"}, "missing_lines": [86], "excluded_lines": [], "start_line": 81}, "InMemoryStateStore.__init__": {"executed_lines": [99, 100], "summary": {"covered_lines": 2, "num_statements": 2, "percent_covered": 100.0, "percent_covered_display": "100", "missing_lines": 0, "excluded_lines": 0, "percent_statements_covered": 100.0, "percent_statements_covered_display": "100"}, "missing_lines": [], "excluded_lines": [], "start_line": 97}, "InMemoryStateStore.get": {"executed_lines": [111, 112], "summary": {"covered_lines": 2, "num_statements": 2, "percent_covered": 100.0, "percent_covered_display": "100", "missing_lines": 0, "excluded_lines": 0, "percent_statements_covered": 100.0, "percent_statements_covered_display": "100"}, "missing_lines": [], "excluded_lines": [], "start_line": 102}, "InMemoryStateStore.set": {"executed_lines": [121, 122], "summary": {"covered_lines": 2, "num_statements": 2, "percent_covered": 100.0, "percent_covered_display": "100", "missing_lines": 0, "excluded_lines": 0, "percent_statements_covered": 100.0, "percent_statements_covered_display": "100"}, "missing_lines": [], "excluded_lines": [], "start_line": 114}, "InMemoryStateStore.delete": {"executed_lines": [133, 134, 135, 136, 137], "summary": {"covered_lines": 5, "num_statements": 5, "percent_covered": 100.0, "percent_covered_display": "100", "missing_lines": 0, "excluded_lines": 0, "percent_statements_covered": 100.0, "percent_statements_covered_display": "100"}, "missing_lines": [], "excluded_lines": [], "start_line": 124}, "InMemoryStateStore.list_keys": {"executed_lines": [148, 149, 150, 151], "summary": {"covered_lines": 4, "num_statements": 4, "percent_covered": 100.0, "percent_covered_display": "100", "missing_lines": 0, "excluded_lines": 0, "percent_statements_covered": 100.0, "percent_statements_covered_display": "100"}, "missing_lines": [], "excluded_lines": [], "start_line": 139}, "InMemoryStateStore.exists": {"executed_lines": [162, 163], "summary": {"covered_lines": 2, "num_statements": 2, "percent_covered": 100.0, "percent_covered_display": "100", "missing_lines": 0, "excluded_lines": 0, "percent_statements_covered": 100.0, "percent_statements_covered_display": "100"}, "missing_lines": [], "excluded_lines": [], "start_line": 153}, "InMemoryStateStore.clear": {"executed_lines": [170, 171], "summary": {"covered_lines": 2, "num_statements": 2, "percent_covered": 100.0, "percent_covered_display": "100", "missing_lines": 0, "excluded_lines": 0, "percent_statements_covered": 100.0, "percent_statements_covered_display": "100"}, "missing_lines": [], "excluded_lines": [], "start_line": 165}, "InMemoryStateStore.get_all": {"executed_lines": [179, 180], "summary": {"covered_lines": 2, "num_statements": 2, "percent_covered": 100.0, "percent_covered_display": "100", "missing_lines": 0, "excluded_lines": 0, "percent_statements_covered": 100.0, "percent_statements_covered_display": "100"}, "missing_lines": [], "excluded_lines": [], "start_line": 173}, "InMemoryStateStore.size": {"executed_lines": [188, 189], "summary": {"covered_lines": 2, "num_statements": 2, "percent_covered": 100.0, "percent_covered_display": "100", "missing_lines": 0, "excluded_lines": 0, "percent_statements_covered": 100.0, "percent_statements_covered_display": "100"}, "missing_lines": [], "excluded_lines": [], "start_line": 182}, "": {"executed_lines": [7, 9, 10, 11, 14, 22, 23, 34, 35, 44, 45, 56, 57, 68, 69, 80, 81, 89, 97, 102, 114, 124, 139, 153, 165, 173, 182, 192], "summary": {"covered_lines": 28, "num_statements": 28, "percent_covered": 100.0, "percent_covered_display": "100", "missing_lines": 0, "excluded_lines": 0, "percent_statements_covered": 100.0, "percent_statements_covered_display": "100"}, "missing_lines": [], "excluded_lines": [], "start_line": 1}}, "classes": {"StateStore": {"executed_lines": [], "summary": {"covered_lines": 0, "num_statements": 6, "percent_covered": 0.0, "percent_covered_display": "0", "missing_lines": 6, "excluded_lines": 0, "percent_statements_covered": 0.0, "percent_statements_covered_display": "0"}, "missing_lines": [32, 42, 54, 66, 78, 86], "excluded_lines": [], "start_line": 14}, "InMemoryStateStore": {"executed_lines": [99, 100, 111, 112, 121, 122, 133, 134, 135, 136, 137, 148, 149, 150, 151, 162, 163, 170, 171, 179, 180, 188, 189], "summary": {"covered_lines": 23, "num_statements": 23, "percent_covered": 100.0, "percent_covered_display": "100", "missing_lines": 0, "excluded_lines": 0, "percent_statements_covered": 100.0, "percent_statements_covered_display": "100"}, "missing_lines": [], "excluded_lines": [], "start_line": 89}, "": {"executed_lines": [7, 9, 10, 11, 14, 22, 23, 34, 35, 44, 45, 56, 57, 68, 69, 80, 81, 89, 97, 102, 114, 124, 139, 153, 165, 173, 182, 192], "summary": {"covered_lines": 28, "num_statements": 28, "percent_covered": 100.0, "percent_covered_display": "100", "missing_lines": 0, "excluded_lines": 0, "percent_statements_covered": 100.0, "percent_statements_covered_display": "100"}, "missing_lines": [], "excluded_lines": [], "start_line": 1}}}}, "totals": {"covered_lines": 1129, "num_statements": 1280, "percent_covered": 88.203125, "percent_covered_display": "88", "missing_lines": 151, "excluded_lines": 0, "percent_statements_covered": 88.203125, "percent_statements_covered_display": "88"}}